<?xml version="1.0" encoding="utf-8" standalone="no"?>
<test-run id="0" name="Content.IntegrationTests.dll" fullname="D:\eridass14\space-erida-14\bin\Content.IntegrationTests\Content.IntegrationTests.dll" runstate="Runnable" testcasecount="5729" result="Warning" total="6" passed="5" failed="0" warnings="1" inconclusive="0" skipped="0" asserts="77" engine-version="3.18.1.0" clr-version="10.0.5" start-time="2026-04-15 15:26:07Z" end-time="2026-04-15 15:27:32Z" duration="84.848390">
  <command-line><![CDATA[D:\eridass14\space-erida-14\bin\Content.IntegrationTests\testhost.dll --port 63735 --endpoint 127.0.0.1:063735 --role client --parentprocessid 30204 --telemetryoptedin false]]></command-line>
  <filter>
    <or>
      <test>Content.IntegrationTests.Tests.GameRules.FailAndStartPresetTest.FailAndStartTest</test>
      <test>Content.IntegrationTests.Tests.GameRules.SecretStartsTest.TestSecretStarts</test>
      <test>Content.IntegrationTests.Tests.GameRules.StartEndGameRulesTest.TestAllConcurrent</test>
      <test>Content.IntegrationTests.Tests.PrototypeTests.PrototypeTests.TestAllClientPrototypesAreSerializable</test>
      <test>Content.IntegrationTests.Tests.PrototypeTests.PrototypeTests.TestAllServerPrototypesAreSerializable</test>
      <test>Content.IntegrationTests.Tests.ResearchTest.AllTechPrintableTest</test>
    </or>
  </filter>
  <test-suite type="Assembly" id="0-6972" name="Content.IntegrationTests.dll" fullname="D:\eridass14\space-erida-14\bin\Content.IntegrationTests\Content.IntegrationTests.dll" runstate="Runnable" testcasecount="5729" result="Warning" site="Child" start-time="2026-04-15T15:26:07.3832907Z" end-time="2026-04-15T15:27:32.2103380Z" duration="84.827032" total="6" passed="5" failed="0" warnings="1" inconclusive="0" skipped="0" asserts="77">
    <environment framework-version="4.4.0.0" clr-version="10.0.5" os-version="Microsoft Windows 10.0.19045" platform="Win32NT" cwd="D:\eridass14\space-erida-14\test_results" machine-name="KOMPUTER" user="Xaoser" user-domain="KOMPUTER" culture="ru-RU" uiculture="ru-RU" os-architecture="x64" />
    <settings>
      <setting name="SynchronousEvents" value="False" />
      <setting name="InternalTraceLevel" value="Off" />
      <setting name="RandomSeed" value="375087001" />
      <setting name="SkipNonTestAssemblies" value="True" />
      <setting name="ProcessModel" value="InProcess" />
      <setting name="DomainUsage" value="Single" />
      <setting name="DefaultTestNamePattern" value="{m}{a}" />
      <setting name="WorkDirectory" value="D:\\eridass14\\space-erida-14\\test_results" />
      <setting name="NumberOfTestWorkers" value="20" />
    </settings>
    <properties>
      <property name="ParallelScope" value="Children" />
      <property name="LevelOfParallelism" value="2" />
      <property name="_PID" value="28476" />
      <property name="_APPDOMAIN" value="testhost" />
    </properties>
    <reason>
      <message><![CDATA[One or more child tests had warnings]]></message>
    </reason>
    <test-suite type="TestSuite" id="0-6973" name="Content" fullname="Content" runstate="Runnable" testcasecount="5729" result="Warning" site="Child" start-time="2026-04-15T15:26:07.3854262Z" end-time="2026-04-15T15:27:32.2103299Z" duration="84.824904" total="6" passed="5" failed="0" warnings="1" inconclusive="0" skipped="0" asserts="77">
      <reason>
        <message><![CDATA[One or more child tests had warnings]]></message>
      </reason>
      <test-suite type="SetUpFixture" id="0-1000" name="IntegrationTests" fullname="Content.IntegrationTests.PoolManagerTestEventHandler" classname="Content.IntegrationTests.PoolManagerTestEventHandler" runstate="Runnable" testcasecount="5729" result="Warning" site="Child" start-time="2026-04-15T15:26:07.3855547Z" end-time="2026-04-15T15:27:32.2103124Z" duration="84.824758" total="6" passed="5" failed="0" warnings="1" inconclusive="0" skipped="0" asserts="77">
        <reason>
          <message><![CDATA[One or more child tests had warnings]]></message>
        </reason>
        <test-suite type="TestSuite" id="0-6975" name="Tests" fullname="Content.IntegrationTests.Tests" runstate="Runnable" testcasecount="5729" result="Warning" site="Child" start-time="2026-04-15T15:26:07.5698186Z" end-time="2026-04-15T15:27:32.2082149Z" duration="84.638396" total="6" passed="5" failed="0" warnings="1" inconclusive="0" skipped="0" asserts="77">
          <reason>
            <message><![CDATA[One or more child tests had warnings]]></message>
          </reason>
          <test-suite type="TestSuite" id="0-7028" name="GameRules" fullname="Content.IntegrationTests.Tests.GameRules" runstate="Runnable" testcasecount="7" result="Passed" start-time="2026-04-15T15:26:07.5698378Z" end-time="2026-04-15T15:27:04.1095004Z" duration="56.539663" total="3" passed="3" failed="0" warnings="0" inconclusive="0" skipped="0" asserts="46">
            <test-suite type="TestFixture" id="0-2236" name="SecretStartsTest" fullname="Content.IntegrationTests.Tests.GameRules.SecretStartsTest" classname="Content.IntegrationTests.Tests.GameRules.SecretStartsTest" runstate="Runnable" testcasecount="1" result="Passed" start-time="2026-04-15T15:26:07.5698521Z" end-time="2026-04-15T15:26:54.5928329Z" duration="47.022981" total="1" passed="1" failed="0" warnings="0" inconclusive="0" skipped="0" asserts="9">
              <properties>
                <property name="TestFrameKind" value="GameTest" />
              </properties>
              <test-case id="0-2237" name="TestSecretStarts" fullname="Content.IntegrationTests.Tests.GameRules.SecretStartsTest.TestSecretStarts" methodname="TestSecretStarts" classname="Content.IntegrationTests.Tests.GameRules.SecretStartsTest" runstate="Runnable" seed="470738200" result="Passed" start-time="2026-04-15T15:26:07.5699452Z" end-time="2026-04-15T15:26:54.5900523Z" duration="47.020209" asserts="9">
                <output><![CDATA[GetPair: Called by test GameRules.SecretStartsTest.TestSecretStarts
GetPair: Looking in pool for a suitable pair
GetPair: Creating a new pair, no suitable pair found in pool
CLIENT: 0,089s [DEBG] root: OS: Microsoft Windows 10.0.19045 X64
CLIENT: 0,090s [DEBG] root: .NET Runtime: .NET 10.0.5 win-x64
CLIENT: 0,090s [DEBG] root: Server GC: False
CLIENT: 0,090s [DEBG] root: Processor: 20x Intel(R) Core(TM) i5-14600KF
CLIENT: 0,090s [DEBG] root: Available Memory: 31,78 GiB
CLIENT: 0,090s [DEBG] root: Architecture: X64
CLIENT: 0,090s [DEBG] root: Robust Version: 275.2.0.0
CLIENT: 0,090s [DEBG] root: Compile Options: DEVELOPMENT;TOOLS;DEBUG;CLIENT_SCRIPTING
CLIENT: 0,090s [DEBG] root: Intrinsics: X86Aes;Avx;Avx2;Bmi1;Bmi2;Fma;Lzcnt;Pclmulqdq;Popcnt;Sse;Sse2;Sse3;Ssse3;Sse41;Sse42;X86Base
CLIENT: 2,898s [DEBG] res.preload: Skipping texture preloading due to CVar value.
CLIENT: 2,948s [INFO] szr: Serializer Types Hash: DF3F2D69A6C323B092F9EB73DF29AE4B83AAB89F9A13B4554391215624F4757C
CLIENT: 3,026s [WARN] proto: Registering an ignored prototype Content.Shared.Maps.GameMapPrototype
CLIENT: 16,430s [INFO] client: Tickrate changed to: 30 on tick 1
CLIENT: 16,431s [INFO] client: Tickrate changed to: 1 on tick 1
CLIENT: 16,433s [DEBG] client: Runlevel changed to: Initialize
CLIENT: 16,706s [DEBG] style: Initializing Stylesheets...
CLIENT: 16,890s [DEBG] style: Initialized 582 style rules in 00:00:00.1837876
CLIENT: 16,906s [DEBG] root: Switching to state Content.Client.MainMenu.MainScreen
CLIENT: 16,981s [DEBG] clyde: Tile atlas took 00:00:00.0666013 to build
SERVER: 17,116s [INFO] srv: Timescale changed to: 1 on tick 1
SERVER: 17,116s [INFO] srv: Name: MyServer
SERVER: 17,116s [INFO] srv: TickRate: 30(33,33ms)
SERVER: 17,116s [INFO] srv: Max players: 256
SERVER: 17,204s [INFO] szr: Serializer Types Hash: DF3F2D69A6C323B092F9EB73DF29AE4B83AAB89F9A13B4554391215624F4757C
SERVER: 17,279s [INFO] configpreset: Loaded config preset: "/ConfigPresets/Build/debug.toml"
SERVER: 19,349s [WARN] db.ef: The migration operation 'PRAGMA foreign_keys = 0;
' from migration 'AdminLogs' cannot be executed in a transaction. If the app is terminated or an unrecoverable error occurs while this operation is being executed then the migration will be left in a partially applied state and would need to be reverted manually before it can be applied again. Create a separate migration that contains just this operation.
SERVER: 19,468s [WARN] db.ef: The migration operation 'PRAGMA foreign_keys = 0;
' from migration 'Cleanup' cannot be executed in a transaction. If the app is terminated or an unrecoverable error occurs while this operation is being executed then the migration will be left in a partially applied state and would need to be reverted manually before it can be applied again. Create a separate migration that contains just this operation.
SERVER: 19,515s [WARN] db.ef: The migration operation 'PRAGMA foreign_keys = 0;
' from migration 'ServerNameFts' cannot be executed in a transaction. If the app is terminated or an unrecoverable error occurs while this operation is being executed then the migration will be left in a partially applied state and would need to be reverted manually before it can be applied again. Create a separate migration that contains just this operation.
SERVER: 19,614s [WARN] db.ef: The migration operation 'PRAGMA foreign_keys = 0;
' from migration 'MarkingsJsonb' cannot be executed in a transaction. If the app is terminated or an unrecoverable error occurs while this operation is being executed then the migration will be left in a partially applied state and would need to be reverted manually before it can be applied again. Create a separate migration that contains just this operation.
SERVER: 19,787s [WARN] db.ef: An operation of type 'UpdateDataOperation' will be attempted while a rebuild of table 'admin_notes' is pending. The database may not be in an expected state. Review the SQL generated by this migration to help diagnose any failures. Consider moving these operations to a subsequent migration.
SERVER: 19,797s [WARN] db.ef: The migration operation 'PRAGMA foreign_keys = 0;
' from migration 'AdminNotesImprovement' cannot be executed in a transaction. If the app is terminated or an unrecoverable error occurs while this operation is being executed then the migration will be left in a partially applied state and would need to be reverted manually before it can be applied again. Create a separate migration that contains just this operation.
SERVER: 19,876s [WARN] db.ef: The migration operation 'PRAGMA foreign_keys = 0;
' from migration 'AdminNotesImprovementsForeignKeys' cannot be executed in a transaction. If the app is terminated or an unrecoverable error occurs while this operation is being executed then the migration will be left in a partially applied state and would need to be reverted manually before it can be applied again. Create a separate migration that contains just this operation.
SERVER: 20,012s [WARN] db.ef: The migration operation 'PRAGMA foreign_keys = 0;
' from migration 'ConnectionLogServer' cannot be executed in a transaction. If the app is terminated or an unrecoverable error occurs while this operation is being executed then the migration will be left in a partially applied state and would need to be reverted manually before it can be applied again. Create a separate migration that contains just this operation.
SERVER: 20,049s [WARN] db.ef: The migration operation 'PRAGMA foreign_keys = 0;
' from migration 'AdminLogPk' cannot be executed in a transaction. If the app is terminated or an unrecoverable error occurs while this operation is being executed then the migration will be left in a partially applied state and would need to be reverted manually before it can be applied again. Create a separate migration that contains just this operation.
SERVER: 20,143s [WARN] db.ef: The migration operation 'PRAGMA foreign_keys = 0;
' from migration 'ClothingRemoval' cannot be executed in a transaction. If the app is terminated or an unrecoverable error occurs while this operation is being executed then the migration will be left in a partially applied state and would need to be reverted manually before it can be applied again. Create a separate migration that contains just this operation.
SERVER: 20,204s [WARN] db.ef: The migration operation 'PRAGMA foreign_keys = 0;
' from migration 'AdminMessageDismiss' cannot be executed in a transaction. If the app is terminated or an unrecoverable error occurs while this operation is being executed then the migration will be left in a partially applied state and would need to be reverted manually before it can be applied again. Create a separate migration that contains just this operation.
SERVER: 20,872s [WARN] db.ef: The migration operation 'PRAGMA foreign_keys = 0;
' from migration 'Upstream' cannot be executed in a transaction. If the app is terminated or an unrecoverable error occurs while this operation is being executed then the migration will be left in a partially applied state and would need to be reverted manually before it can be applied again. Create a separate migration that contains just this operation.
SERVER: 44,183s [WARN] loc: Unknown messageId ("ru-RU"): "2x max stamina"
SERVER: 44,184s [WARN] loc: Unknown messageId ("ru-RU"): "pain numbness"
SERVER: 44,184s [WARN] loc: Unknown messageId ("ru-RU"): "drowsiness"
SERVER: 44,184s [WARN] loc: Unknown messageId ("ru-RU"): "reagent-effect-guidebook-addiction-suppression"
SERVER: 44,184s [WARN] loc: Unknown messageId ("ru-RU"): "hallucinations"
SERVER: 44,184s [WARN] loc: Unknown messageId ("ru-RU"): "reagent-effect-guidebook-addicted"
SERVER: 44,185s [WARN] loc: Unknown messageId ("ru-RU"): "drowsiness"
SERVER: 44,186s [WARN] loc: Unknown messageId ("ru-RU"): "owoaccent"
SERVER: 44,187s [WARN] loc: Unknown messageId ("ru-RU"): "chronic pain suppression"
SERVER: 44,188s [WARN] loc: Unknown messageId ("ru-RU"): "drowsiness"
SERVER: 44,188s [WARN] loc: Unknown messageId ("ru-RU"): "drowsiness"
SERVER: 44,189s [WARN] loc: Unknown messageId ("ru-RU"): "drowsiness"
SERVER: 44,189s [WARN] loc: Unknown messageId ("ru-RU"): "barkaccent"
SERVER: 44,190s [WARN] loc: Unknown messageId ("ru-RU"): "оглушение"
SERVER: 44,190s [WARN] loc: Unknown messageId ("ru-RU"): "drowsiness"
SERVER: 44,191s [WARN] loc: Unknown messageId ("ru-RU"): "hallucinations"
SERVER: 44,191s [WARN] loc: Unknown messageId ("ru-RU"): "drowsiness"
SERVER: 44,191s [WARN] loc: Unknown messageId ("ru-RU"): "hallucinations"
SERVER: 44,191s [WARN] loc: Unknown messageId ("ru-RU"): "drowsiness"
SERVER: 44,191s [WARN] loc: Unknown messageId ("ru-RU"): "drowsiness"
SERVER: 44,193s [WARN] loc: Unknown messageId ("ru-RU"): "drowsiness"
SERVER: 44,194s [WARN] loc: Unknown messageId ("ru-RU"): "hallucinations"
SERVER: 44,194s [WARN] loc: Unknown messageId ("ru-RU"): "reagent-effect-guidebook-addicted"
SERVER: 44,194s [WARN] loc: Unknown messageId ("ru-RU"): "reagent-effect-guidebook-addiction-suppression"
SERVER: 44,195s [WARN] loc: Unknown messageId ("ru-RU"): "drowsiness"
SERVER: 44,195s [WARN] loc: Unknown messageId ("ru-RU"): "hemorrhage"
SERVER: 44,195s [WARN] loc: Unknown messageId ("ru-RU"): "forced sleep"
SERVER: 44,196s [WARN] loc: Unknown messageId ("ru-RU"): "drowsiness"
SERVER: 44,196s [WARN] loc: Unknown messageId ("ru-RU"): "hallucinations"
SERVER: 44,196s [WARN] loc: Unknown messageId ("ru-RU"): "forced sleep"
SERVER: 44,197s [WARN] loc: Unknown messageId ("ru-RU"): "drowsiness"
SERVER: 44,197s [WARN] loc: Unknown messageId ("ru-RU"): "hallucinations"
SERVER: 44,197s [WARN] loc: Unknown messageId ("ru-RU"): "drunk"
SERVER: 44,202s [WARN] loc: Unknown messageId ("ru-RU"): "hallucinations"
SERVER: 44,203s [WARN] loc: Unknown messageId ("ru-RU"): "drowsiness"
SERVER: 44,203s [WARN] loc: Unknown messageId ("ru-RU"): "hallucinations"
SERVER: 44,203s [WARN] loc: Unknown messageId ("ru-RU"): "hallucinations"
SERVER: 44,206s [WARN] loc: Unknown messageId ("ru-RU"): "drowsiness"
SERVER: 44,207s [WARN] loc: Unknown messageId ("ru-RU"): "drowsiness"
SERVER: 44,207s [WARN] loc: Unknown messageId ("ru-RU"): "drowsiness"
SERVER: 44,208s [WARN] loc: Unknown messageId ("ru-RU"): "hallucinations"
SERVER: 44,209s [WARN] loc: Unknown messageId ("ru-RU"): "forced sleep"
SERVER: 44,210s [WARN] loc: Unknown messageId ("ru-RU"): "hallucinations"
SERVER: 44,210s [WARN] loc: Unknown messageId ("ru-RU"): "reagent-effect-guidebook-addicted"
SERVER: 44,210s [WARN] loc: Unknown messageId ("ru-RU"): "reagent-effect-guidebook-addiction-suppression"
SERVER: 44,211s [WARN] loc: Unknown messageId ("ru-RU"): "оглушение"
SERVER: 44,211s [WARN] loc: Unknown messageId ("ru-RU"): "hallucinations"
SERVER: 44,211s [WARN] loc: Unknown messageId ("ru-RU"): "hallucinations"
SERVER: 44,212s [WARN] loc: Unknown messageId ("ru-RU"): "1.5x max stamina"
SERVER: 44,212s [WARN] loc: Unknown messageId ("ru-RU"): "оглушение"
SERVER: 44,212s [WARN] loc: Unknown messageId ("ru-RU"): "forced sleep"
SERVER: 44,212s [WARN] loc: Unknown messageId ("ru-RU"): "drowsiness"
SERVER: 44,213s [WARN] loc: Unknown messageId ("ru-RU"): "оглушение"
SERVER: 44,213s [WARN] loc: Unknown messageId ("ru-RU"): "drunk"
SERVER: 44,214s [WARN] loc: Unknown messageId ("ru-RU"): "hallucinations"
SERVER: 44,214s [WARN] loc: Unknown messageId ("ru-RU"): "thin blood"
SERVER: 44,214s [WARN] loc: Unknown messageId ("ru-RU"): "drowsiness"
SERVER: 44,215s [WARN] loc: Unknown messageId ("ru-RU"): "drowsiness"
SERVER: 44,215s [WARN] loc: Unknown messageId ("ru-RU"): "1.5x max stamina"
SERVER: 44,215s [WARN] loc: Unknown messageId ("ru-RU"): "forced sleep"
SERVER: 44,215s [WARN] loc: Unknown messageId ("ru-RU"): "pain numbness"
SERVER: 44,216s [WARN] loc: Unknown messageId ("ru-RU"): "hallucinations"
SERVER: 44,216s [WARN] loc: Unknown messageId ("ru-RU"): "reagent-effect-guidebook-addicted"
SERVER: 44,216s [WARN] loc: Unknown messageId ("ru-RU"): "reagent-effect-guidebook-addiction-suppression"
SERVER: 44,216s [WARN] loc: Unknown messageId ("ru-RU"): "chronic pain suppression"
SERVER: 44,216s [WARN] loc: Unknown messageId ("ru-RU"): "scrambled"
SERVER: 44,216s [WARN] loc: Unknown messageId ("ru-RU"): "woozy"
SERVER: 44,216s [WARN] loc: Unknown messageId ("ru-RU"): "chronic pain suppression"
SERVER: 44,216s [WARN] loc: Unknown messageId ("ru-RU"): "reagent-effect-guidebook-addiction-suppression"
SERVER: 44,216s [WARN] loc: Unknown messageId ("ru-RU"): "reagent-effect-guidebook-addicted"
SERVER: 44,217s [WARN] loc: Unknown messageId ("ru-RU"): "scrambled"
SERVER: 44,217s [WARN] loc: Unknown messageId ("ru-RU"): "forced sleep"
SERVER: 44,217s [WARN] loc: Unknown messageId ("ru-RU"): "drowsiness"
SERVER: 44,217s [WARN] loc: Unknown messageId ("ru-RU"): "entity-effect-status-effect-PainNumbness"
SERVER: 44,217s [WARN] loc: Unknown messageId ("ru-RU"): "chronic pain suppression"
SERVER: 44,217s [WARN] loc: Unknown messageId ("ru-RU"): "reagent-effect-guidebook-addiction-suppression"
SERVER: 44,218s [WARN] loc: Unknown messageId ("ru-RU"): "reagent-effect-guidebook-addicted"
SERVER: 44,272s [WARN] loc: Unknown messageId ("ru-RU"): "2x max stamina"
SERVER: 44,272s [WARN] loc: Unknown messageId ("ru-RU"): "pain numbness"
SERVER: 44,272s [WARN] loc: Unknown messageId ("ru-RU"): "drowsiness"
SERVER: 44,272s [WARN] loc: Unknown messageId ("ru-RU"): "reagent-effect-guidebook-addiction-suppression"
SERVER: 44,272s [WARN] loc: Unknown messageId ("ru-RU"): "hallucinations"
SERVER: 44,272s [WARN] loc: Unknown messageId ("ru-RU"): "reagent-effect-guidebook-addicted"
SERVER: 44,273s [WARN] loc: Unknown messageId ("ru-RU"): "drowsiness"
SERVER: 44,275s [WARN] loc: Unknown messageId ("ru-RU"): "owoaccent"
SERVER: 44,275s [WARN] loc: Unknown messageId ("ru-RU"): "chronic pain suppression"
SERVER: 44,276s [WARN] loc: Unknown messageId ("ru-RU"): "drowsiness"
SERVER: 44,276s [WARN] loc: Unknown messageId ("ru-RU"): "drowsiness"
SERVER: 44,278s [WARN] loc: Unknown messageId ("ru-RU"): "drowsiness"
SERVER: 44,278s [WARN] loc: Unknown messageId ("ru-RU"): "barkaccent"
SERVER: 44,278s [WARN] loc: Unknown messageId ("ru-RU"): "оглушение"
SERVER: 44,279s [WARN] loc: Unknown messageId ("ru-RU"): "drowsiness"
SERVER: 44,279s [WARN] loc: Unknown messageId ("ru-RU"): "hallucinations"
SERVER: 44,280s [WARN] loc: Unknown messageId ("ru-RU"): "drowsiness"
SERVER: 44,280s [WARN] loc: Unknown messageId ("ru-RU"): "hallucinations"
SERVER: 44,280s [WARN] loc: Unknown messageId ("ru-RU"): "drowsiness"
SERVER: 44,280s [WARN] loc: Unknown messageId ("ru-RU"): "drowsiness"
SERVER: 44,295s [WARN] loc: Unknown messageId ("ru-RU"): "drowsiness"
SERVER: 44,296s [WARN] loc: Unknown messageId ("ru-RU"): "hallucinations"
SERVER: 44,296s [WARN] loc: Unknown messageId ("ru-RU"): "reagent-effect-guidebook-addicted"
SERVER: 44,296s [WARN] loc: Unknown messageId ("ru-RU"): "reagent-effect-guidebook-addiction-suppression"
SERVER: 44,297s [WARN] loc: Unknown messageId ("ru-RU"): "drowsiness"
SERVER: 44,297s [WARN] loc: Unknown messageId ("ru-RU"): "hemorrhage"
SERVER: 44,297s [WARN] loc: Unknown messageId ("ru-RU"): "forced sleep"
SERVER: 44,297s [WARN] loc: Unknown messageId ("ru-RU"): "drowsiness"
SERVER: 44,298s [WARN] loc: Unknown messageId ("ru-RU"): "hallucinations"
SERVER: 44,298s [WARN] loc: Unknown messageId ("ru-RU"): "forced sleep"
SERVER: 44,299s [WARN] loc: Unknown messageId ("ru-RU"): "drowsiness"
SERVER: 44,299s [WARN] loc: Unknown messageId ("ru-RU"): "hallucinations"
SERVER: 44,299s [WARN] loc: Unknown messageId ("ru-RU"): "drunk"
SERVER: 44,299s [WARN] loc: Unknown messageId ("ru-RU"): "hallucinations"
SERVER: 44,300s [WARN] loc: Unknown messageId ("ru-RU"): "drowsiness"
SERVER: 44,301s [WARN] loc: Unknown messageId ("ru-RU"): "hallucinations"
SERVER: 44,301s [WARN] loc: Unknown messageId ("ru-RU"): "hallucinations"
SERVER: 44,303s [WARN] loc: Unknown messageId ("ru-RU"): "drowsiness"
SERVER: 44,305s [WARN] loc: Unknown messageId ("ru-RU"): "drowsiness"
SERVER: 44,305s [WARN] loc: Unknown messageId ("ru-RU"): "drowsiness"
SERVER: 44,305s [WARN] loc: Unknown messageId ("ru-RU"): "hallucinations"
SERVER: 44,306s [WARN] loc: Unknown messageId ("ru-RU"): "forced sleep"
SERVER: 44,308s [WARN] loc: Unknown messageId ("ru-RU"): "hallucinations"
SERVER: 44,308s [WARN] loc: Unknown messageId ("ru-RU"): "reagent-effect-guidebook-addicted"
SERVER: 44,308s [WARN] loc: Unknown messageId ("ru-RU"): "reagent-effect-guidebook-addiction-suppression"
SERVER: 44,308s [WARN] loc: Unknown messageId ("ru-RU"): "оглушение"
SERVER: 44,308s [WARN] loc: Unknown messageId ("ru-RU"): "hallucinations"
SERVER: 44,308s [WARN] loc: Unknown messageId ("ru-RU"): "hallucinations"
SERVER: 44,309s [WARN] loc: Unknown messageId ("ru-RU"): "1.5x max stamina"
SERVER: 44,309s [WARN] loc: Unknown messageId ("ru-RU"): "оглушение"
SERVER: 44,309s [WARN] loc: Unknown messageId ("ru-RU"): "forced sleep"
SERVER: 44,309s [WARN] loc: Unknown messageId ("ru-RU"): "drowsiness"
SERVER: 44,310s [WARN] loc: Unknown messageId ("ru-RU"): "оглушение"
SERVER: 44,310s [WARN] loc: Unknown messageId ("ru-RU"): "drunk"
SERVER: 44,311s [WARN] loc: Unknown messageId ("ru-RU"): "hallucinations"
SERVER: 44,312s [WARN] loc: Unknown messageId ("ru-RU"): "thin blood"
SERVER: 44,312s [WARN] loc: Unknown messageId ("ru-RU"): "drowsiness"
SERVER: 44,312s [WARN] loc: Unknown messageId ("ru-RU"): "drowsiness"
SERVER: 44,313s [WARN] loc: Unknown messageId ("ru-RU"): "1.5x max stamina"
SERVER: 44,313s [WARN] loc: Unknown messageId ("ru-RU"): "forced sleep"
SERVER: 44,313s [WARN] loc: Unknown messageId ("ru-RU"): "pain numbness"
SERVER: 44,313s [WARN] loc: Unknown messageId ("ru-RU"): "hallucinations"
SERVER: 44,313s [WARN] loc: Unknown messageId ("ru-RU"): "reagent-effect-guidebook-addicted"
SERVER: 44,313s [WARN] loc: Unknown messageId ("ru-RU"): "reagent-effect-guidebook-addiction-suppression"
SERVER: 44,313s [WARN] loc: Unknown messageId ("ru-RU"): "chronic pain suppression"
SERVER: 44,313s [WARN] loc: Unknown messageId ("ru-RU"): "scrambled"
SERVER: 44,314s [WARN] loc: Unknown messageId ("ru-RU"): "woozy"
SERVER: 44,314s [WARN] loc: Unknown messageId ("ru-RU"): "chronic pain suppression"
SERVER: 44,314s [WARN] loc: Unknown messageId ("ru-RU"): "reagent-effect-guidebook-addiction-suppression"
SERVER: 44,314s [WARN] loc: Unknown messageId ("ru-RU"): "reagent-effect-guidebook-addicted"
SERVER: 44,314s [WARN] loc: Unknown messageId ("ru-RU"): "scrambled"
SERVER: 44,314s [WARN] loc: Unknown messageId ("ru-RU"): "forced sleep"
SERVER: 44,314s [WARN] loc: Unknown messageId ("ru-RU"): "drowsiness"
SERVER: 44,315s [WARN] loc: Unknown messageId ("ru-RU"): "entity-effect-status-effect-PainNumbness"
SERVER: 44,315s [WARN] loc: Unknown messageId ("ru-RU"): "chronic pain suppression"
SERVER: 44,315s [WARN] loc: Unknown messageId ("ru-RU"): "reagent-effect-guidebook-addiction-suppression"
SERVER: 44,315s [WARN] loc: Unknown messageId ("ru-RU"): "reagent-effect-guidebook-addicted"
SERVER: 44,317s [WARN] loc: Unknown messageId ("ru-RU"): "2x max stamina"
SERVER: 44,317s [WARN] loc: Unknown messageId ("ru-RU"): "pain numbness"
SERVER: 44,317s [WARN] loc: Unknown messageId ("ru-RU"): "drowsiness"
SERVER: 44,317s [WARN] loc: Unknown messageId ("ru-RU"): "reagent-effect-guidebook-addiction-suppression"
SERVER: 44,317s [WARN] loc: Unknown messageId ("ru-RU"): "hallucinations"
SERVER: 44,318s [WARN] loc: Unknown messageId ("ru-RU"): "reagent-effect-guidebook-addicted"
SERVER: 44,318s [WARN] loc: Unknown messageId ("ru-RU"): "drowsiness"
SERVER: 44,320s [WARN] loc: Unknown messageId ("ru-RU"): "owoaccent"
SERVER: 44,320s [WARN] loc: Unknown messageId ("ru-RU"): "chronic pain suppression"
SERVER: 44,321s [WARN] loc: Unknown messageId ("ru-RU"): "drowsiness"
SERVER: 44,321s [WARN] loc: Unknown messageId ("ru-RU"): "drowsiness"
SERVER: 44,322s [WARN] loc: Unknown messageId ("ru-RU"): "drowsiness"
SERVER: 44,322s [WARN] loc: Unknown messageId ("ru-RU"): "barkaccent"
SERVER: 44,323s [WARN] loc: Unknown messageId ("ru-RU"): "оглушение"
SERVER: 44,323s [WARN] loc: Unknown messageId ("ru-RU"): "drowsiness"
SERVER: 44,324s [WARN] loc: Unknown messageId ("ru-RU"): "hallucinations"
SERVER: 44,324s [WARN] loc: Unknown messageId ("ru-RU"): "drowsiness"
SERVER: 44,324s [WARN] loc: Unknown messageId ("ru-RU"): "hallucinations"
SERVER: 44,324s [WARN] loc: Unknown messageId ("ru-RU"): "drowsiness"
SERVER: 44,324s [WARN] loc: Unknown messageId ("ru-RU"): "drowsiness"
SERVER: 44,326s [WARN] loc: Unknown messageId ("ru-RU"): "drowsiness"
SERVER: 44,327s [WARN] loc: Unknown messageId ("ru-RU"): "hallucinations"
SERVER: 44,327s [WARN] loc: Unknown messageId ("ru-RU"): "reagent-effect-guidebook-addicted"
SERVER: 44,327s [WARN] loc: Unknown messageId ("ru-RU"): "reagent-effect-guidebook-addiction-suppression"
SERVER: 44,327s [WARN] loc: Unknown messageId ("ru-RU"): "drowsiness"
SERVER: 44,331s [WARN] loc: Unknown messageId ("ru-RU"): "hemorrhage"
SERVER: 44,331s [WARN] loc: Unknown messageId ("ru-RU"): "forced sleep"
SERVER: 44,331s [WARN] loc: Unknown messageId ("ru-RU"): "drowsiness"
SERVER: 44,332s [WARN] loc: Unknown messageId ("ru-RU"): "hallucinations"
SERVER: 44,332s [WARN] loc: Unknown messageId ("ru-RU"): "forced sleep"
SERVER: 44,332s [WARN] loc: Unknown messageId ("ru-RU"): "drowsiness"
SERVER: 44,332s [WARN] loc: Unknown messageId ("ru-RU"): "hallucinations"
SERVER: 44,333s [WARN] loc: Unknown messageId ("ru-RU"): "drunk"
SERVER: 44,333s [WARN] loc: Unknown messageId ("ru-RU"): "hallucinations"
SERVER: 44,334s [WARN] loc: Unknown messageId ("ru-RU"): "drowsiness"
SERVER: 44,335s [WARN] loc: Unknown messageId ("ru-RU"): "hallucinations"
SERVER: 44,335s [WARN] loc: Unknown messageId ("ru-RU"): "hallucinations"
SERVER: 44,337s [WARN] loc: Unknown messageId ("ru-RU"): "drowsiness"
SERVER: 44,338s [WARN] loc: Unknown messageId ("ru-RU"): "drowsiness"
SERVER: 44,338s [WARN] loc: Unknown messageId ("ru-RU"): "drowsiness"
SERVER: 44,339s [WARN] loc: Unknown messageId ("ru-RU"): "hallucinations"
SERVER: 44,340s [WARN] loc: Unknown messageId ("ru-RU"): "forced sleep"
SERVER: 44,341s [WARN] loc: Unknown messageId ("ru-RU"): "hallucinations"
SERVER: 44,341s [WARN] loc: Unknown messageId ("ru-RU"): "reagent-effect-guidebook-addicted"
SERVER: 44,341s [WARN] loc: Unknown messageId ("ru-RU"): "reagent-effect-guidebook-addiction-suppression"
SERVER: 44,342s [WARN] loc: Unknown messageId ("ru-RU"): "оглушение"
SERVER: 44,342s [WARN] loc: Unknown messageId ("ru-RU"): "hallucinations"
SERVER: 44,342s [WARN] loc: Unknown messageId ("ru-RU"): "hallucinations"
SERVER: 44,343s [WARN] loc: Unknown messageId ("ru-RU"): "1.5x max stamina"
SERVER: 44,343s [WARN] loc: Unknown messageId ("ru-RU"): "оглушение"
SERVER: 44,343s [WARN] loc: Unknown messageId ("ru-RU"): "forced sleep"
SERVER: 44,343s [WARN] loc: Unknown messageId ("ru-RU"): "drowsiness"
SERVER: 44,344s [WARN] loc: Unknown messageId ("ru-RU"): "оглушение"
SERVER: 44,344s [WARN] loc: Unknown messageId ("ru-RU"): "drunk"
SERVER: 44,345s [WARN] loc: Unknown messageId ("ru-RU"): "hallucinations"
SERVER: 44,345s [WARN] loc: Unknown messageId ("ru-RU"): "thin blood"
SERVER: 44,345s [WARN] loc: Unknown messageId ("ru-RU"): "drowsiness"
SERVER: 44,346s [WARN] loc: Unknown messageId ("ru-RU"): "drowsiness"
SERVER: 44,346s [WARN] loc: Unknown messageId ("ru-RU"): "1.5x max stamina"
SERVER: 44,346s [WARN] loc: Unknown messageId ("ru-RU"): "forced sleep"
SERVER: 44,346s [WARN] loc: Unknown messageId ("ru-RU"): "pain numbness"
SERVER: 44,347s [WARN] loc: Unknown messageId ("ru-RU"): "hallucinations"
SERVER: 44,347s [WARN] loc: Unknown messageId ("ru-RU"): "reagent-effect-guidebook-addicted"
SERVER: 44,347s [WARN] loc: Unknown messageId ("ru-RU"): "reagent-effect-guidebook-addiction-suppression"
SERVER: 44,347s [WARN] loc: Unknown messageId ("ru-RU"): "chronic pain suppression"
SERVER: 44,347s [WARN] loc: Unknown messageId ("ru-RU"): "scrambled"
SERVER: 44,347s [WARN] loc: Unknown messageId ("ru-RU"): "woozy"
SERVER: 44,347s [WARN] loc: Unknown messageId ("ru-RU"): "chronic pain suppression"
SERVER: 44,347s [WARN] loc: Unknown messageId ("ru-RU"): "reagent-effect-guidebook-addiction-suppression"
SERVER: 44,347s [WARN] loc: Unknown messageId ("ru-RU"): "reagent-effect-guidebook-addicted"
SERVER: 44,347s [WARN] loc: Unknown messageId ("ru-RU"): "scrambled"
SERVER: 44,348s [WARN] loc: Unknown messageId ("ru-RU"): "forced sleep"
SERVER: 44,348s [WARN] loc: Unknown messageId ("ru-RU"): "drowsiness"
SERVER: 44,348s [WARN] loc: Unknown messageId ("ru-RU"): "entity-effect-status-effect-PainNumbness"
SERVER: 44,348s [WARN] loc: Unknown messageId ("ru-RU"): "chronic pain suppression"
SERVER: 44,348s [WARN] loc: Unknown messageId ("ru-RU"): "reagent-effect-guidebook-addiction-suppression"
SERVER: 44,348s [WARN] loc: Unknown messageId ("ru-RU"): "reagent-effect-guidebook-addicted"
SERVER: 44,351s [WARN] loc: Unknown messageId ("ru-RU"): "2x max stamina"
SERVER: 44,351s [WARN] loc: Unknown messageId ("ru-RU"): "pain numbness"
SERVER: 44,351s [WARN] loc: Unknown messageId ("ru-RU"): "drowsiness"
SERVER: 44,351s [WARN] loc: Unknown messageId ("ru-RU"): "reagent-effect-guidebook-addiction-suppression"
SERVER: 44,351s [WARN] loc: Unknown messageId ("ru-RU"): "hallucinations"
SERVER: 44,351s [WARN] loc: Unknown messageId ("ru-RU"): "reagent-effect-guidebook-addicted"
SERVER: 44,352s [WARN] loc: Unknown messageId ("ru-RU"): "drowsiness"
SERVER: 44,353s [WARN] loc: Unknown messageId ("ru-RU"): "owoaccent"
SERVER: 44,354s [WARN] loc: Unknown messageId ("ru-RU"): "chronic pain suppression"
SERVER: 44,354s [WARN] loc: Unknown messageId ("ru-RU"): "drowsiness"
SERVER: 44,355s [WARN] loc: Unknown messageId ("ru-RU"): "drowsiness"
SERVER: 44,356s [WARN] loc: Unknown messageId ("ru-RU"): "drowsiness"
SERVER: 44,356s [WARN] loc: Unknown messageId ("ru-RU"): "barkaccent"
SERVER: 44,356s [WARN] loc: Unknown messageId ("ru-RU"): "оглушение"
SERVER: 44,356s [WARN] loc: Unknown messageId ("ru-RU"): "drowsiness"
SERVER: 44,357s [WARN] loc: Unknown messageId ("ru-RU"): "hallucinations"
SERVER: 44,357s [WARN] loc: Unknown messageId ("ru-RU"): "drowsiness"
SERVER: 44,357s [WARN] loc: Unknown messageId ("ru-RU"): "hallucinations"
SERVER: 44,358s [WARN] loc: Unknown messageId ("ru-RU"): "drowsiness"
SERVER: 44,358s [WARN] loc: Unknown messageId ("ru-RU"): "drowsiness"
SERVER: 44,360s [WARN] loc: Unknown messageId ("ru-RU"): "drowsiness"
SERVER: 44,360s [WARN] loc: Unknown messageId ("ru-RU"): "hallucinations"
SERVER: 44,360s [WARN] loc: Unknown messageId ("ru-RU"): "reagent-effect-guidebook-addicted"
SERVER: 44,360s [WARN] loc: Unknown messageId ("ru-RU"): "reagent-effect-guidebook-addiction-suppression"
SERVER: 44,361s [WARN] loc: Unknown messageId ("ru-RU"): "drowsiness"
SERVER: 44,362s [WARN] loc: Unknown messageId ("ru-RU"): "hemorrhage"
SERVER: 44,362s [WARN] loc: Unknown messageId ("ru-RU"): "forced sleep"
SERVER: 44,362s [WARN] loc: Unknown messageId ("ru-RU"): "drowsiness"
SERVER: 44,362s [WARN] loc: Unknown messageId ("ru-RU"): "hallucinations"
SERVER: 44,362s [WARN] loc: Unknown messageId ("ru-RU"): "forced sleep"
SERVER: 44,363s [WARN] loc: Unknown messageId ("ru-RU"): "drowsiness"
SERVER: 44,363s [WARN] loc: Unknown messageId ("ru-RU"): "hallucinations"
SERVER: 44,363s [WARN] loc: Unknown messageId ("ru-RU"): "drunk"
SERVER: 44,364s [WARN] loc: Unknown messageId ("ru-RU"): "hallucinations"
SERVER: 44,370s [WARN] loc: Unknown messageId ("ru-RU"): "drowsiness"
SERVER: 44,370s [WARN] loc: Unknown messageId ("ru-RU"): "hallucinations"
SERVER: 44,370s [WARN] loc: Unknown messageId ("ru-RU"): "hallucinations"
SERVER: 44,372s [WARN] loc: Unknown messageId ("ru-RU"): "drowsiness"
SERVER: 44,374s [WARN] loc: Unknown messageId ("ru-RU"): "drowsiness"
SERVER: 44,374s [WARN] loc: Unknown messageId ("ru-RU"): "drowsiness"
SERVER: 44,375s [WARN] loc: Unknown messageId ("ru-RU"): "hallucinations"
SERVER: 44,376s [WARN] loc: Unknown messageId ("ru-RU"): "forced sleep"
SERVER: 44,377s [WARN] loc: Unknown messageId ("ru-RU"): "hallucinations"
SERVER: 44,377s [WARN] loc: Unknown messageId ("ru-RU"): "reagent-effect-guidebook-addicted"
SERVER: 44,377s [WARN] loc: Unknown messageId ("ru-RU"): "reagent-effect-guidebook-addiction-suppression"
SERVER: 44,378s [WARN] loc: Unknown messageId ("ru-RU"): "оглушение"
SERVER: 44,378s [WARN] loc: Unknown messageId ("ru-RU"): "hallucinations"
SERVER: 44,378s [WARN] loc: Unknown messageId ("ru-RU"): "hallucinations"
SERVER: 44,378s [WARN] loc: Unknown messageId ("ru-RU"): "1.5x max stamina"
SERVER: 44,378s [WARN] loc: Unknown messageId ("ru-RU"): "оглушение"
SERVER: 44,378s [WARN] loc: Unknown messageId ("ru-RU"): "forced sleep"
SERVER: 44,379s [WARN] loc: Unknown messageId ("ru-RU"): "drowsiness"
SERVER: 44,379s [WARN] loc: Unknown messageId ("ru-RU"): "оглушение"
SERVER: 44,380s [WARN] loc: Unknown messageId ("ru-RU"): "drunk"
SERVER: 44,380s [WARN] loc: Unknown messageId ("ru-RU"): "hallucinations"
SERVER: 44,381s [WARN] loc: Unknown messageId ("ru-RU"): "thin blood"
SERVER: 44,381s [WARN] loc: Unknown messageId ("ru-RU"): "drowsiness"
SERVER: 44,382s [WARN] loc: Unknown messageId ("ru-RU"): "drowsiness"
SERVER: 44,382s [WARN] loc: Unknown messageId ("ru-RU"): "1.5x max stamina"
SERVER: 44,382s [WARN] loc: Unknown messageId ("ru-RU"): "forced sleep"
SERVER: 44,382s [WARN] loc: Unknown messageId ("ru-RU"): "pain numbness"
SERVER: 44,382s [WARN] loc: Unknown messageId ("ru-RU"): "hallucinations"
SERVER: 44,382s [WARN] loc: Unknown messageId ("ru-RU"): "reagent-effect-guidebook-addicted"
SERVER: 44,382s [WARN] loc: Unknown messageId ("ru-RU"): "reagent-effect-guidebook-addiction-suppression"
SERVER: 44,382s [WARN] loc: Unknown messageId ("ru-RU"): "chronic pain suppression"
SERVER: 44,383s [WARN] loc: Unknown messageId ("ru-RU"): "scrambled"
SERVER: 44,383s [WARN] loc: Unknown messageId ("ru-RU"): "woozy"
SERVER: 44,383s [WARN] loc: Unknown messageId ("ru-RU"): "chronic pain suppression"
SERVER: 44,383s [WARN] loc: Unknown messageId ("ru-RU"): "reagent-effect-guidebook-addiction-suppression"
SERVER: 44,383s [WARN] loc: Unknown messageId ("ru-RU"): "reagent-effect-guidebook-addicted"
SERVER: 44,383s [WARN] loc: Unknown messageId ("ru-RU"): "scrambled"
SERVER: 44,383s [WARN] loc: Unknown messageId ("ru-RU"): "forced sleep"
SERVER: 44,384s [WARN] loc: Unknown messageId ("ru-RU"): "drowsiness"
SERVER: 44,384s [WARN] loc: Unknown messageId ("ru-RU"): "entity-effect-status-effect-PainNumbness"
SERVER: 44,384s [WARN] loc: Unknown messageId ("ru-RU"): "chronic pain suppression"
SERVER: 44,384s [WARN] loc: Unknown messageId ("ru-RU"): "reagent-effect-guidebook-addiction-suppression"
SERVER: 44,384s [WARN] loc: Unknown messageId ("ru-RU"): "reagent-effect-guidebook-addicted"
SERVER: 44,387s [WARN] loc: Unknown messageId ("ru-RU"): "2x max stamina"
SERVER: 44,387s [WARN] loc: Unknown messageId ("ru-RU"): "pain numbness"
SERVER: 44,387s [WARN] loc: Unknown messageId ("ru-RU"): "drowsiness"
SERVER: 44,387s [WARN] loc: Unknown messageId ("ru-RU"): "reagent-effect-guidebook-addiction-suppression"
SERVER: 44,387s [WARN] loc: Unknown messageId ("ru-RU"): "hallucinations"
SERVER: 44,387s [WARN] loc: Unknown messageId ("ru-RU"): "reagent-effect-guidebook-addicted"
SERVER: 44,388s [WARN] loc: Unknown messageId ("ru-RU"): "drowsiness"
SERVER: 44,389s [WARN] loc: Unknown messageId ("ru-RU"): "owoaccent"
SERVER: 44,390s [WARN] loc: Unknown messageId ("ru-RU"): "chronic pain suppression"
SERVER: 44,390s [WARN] loc: Unknown messageId ("ru-RU"): "drowsiness"
SERVER: 44,391s [WARN] loc: Unknown messageId ("ru-RU"): "drowsiness"
SERVER: 44,392s [WARN] loc: Unknown messageId ("ru-RU"): "drowsiness"
SERVER: 44,392s [WARN] loc: Unknown messageId ("ru-RU"): "barkaccent"
SERVER: 44,392s [WARN] loc: Unknown messageId ("ru-RU"): "оглушение"
SERVER: 44,392s [WARN] loc: Unknown messageId ("ru-RU"): "drowsiness"
SERVER: 44,393s [WARN] loc: Unknown messageId ("ru-RU"): "hallucinations"
SERVER: 44,393s [WARN] loc: Unknown messageId ("ru-RU"): "drowsiness"
SERVER: 44,393s [WARN] loc: Unknown messageId ("ru-RU"): "hallucinations"
SERVER: 44,394s [WARN] loc: Unknown messageId ("ru-RU"): "drowsiness"
SERVER: 44,394s [WARN] loc: Unknown messageId ("ru-RU"): "drowsiness"
SERVER: 44,396s [WARN] loc: Unknown messageId ("ru-RU"): "drowsiness"
SERVER: 44,396s [WARN] loc: Unknown messageId ("ru-RU"): "hallucinations"
SERVER: 44,396s [WARN] loc: Unknown messageId ("ru-RU"): "reagent-effect-guidebook-addicted"
SERVER: 44,396s [WARN] loc: Unknown messageId ("ru-RU"): "reagent-effect-guidebook-addiction-suppression"
SERVER: 44,397s [WARN] loc: Unknown messageId ("ru-RU"): "drowsiness"
SERVER: 44,397s [WARN] loc: Unknown messageId ("ru-RU"): "hemorrhage"
SERVER: 44,397s [WARN] loc: Unknown messageId ("ru-RU"): "forced sleep"
SERVER: 44,398s [WARN] loc: Unknown messageId ("ru-RU"): "drowsiness"
SERVER: 44,398s [WARN] loc: Unknown messageId ("ru-RU"): "hallucinations"
SERVER: 44,398s [WARN] loc: Unknown messageId ("ru-RU"): "forced sleep"
SERVER: 44,399s [WARN] loc: Unknown messageId ("ru-RU"): "drowsiness"
SERVER: 44,399s [WARN] loc: Unknown messageId ("ru-RU"): "hallucinations"
SERVER: 44,399s [WARN] loc: Unknown messageId ("ru-RU"): "drunk"
SERVER: 44,400s [WARN] loc: Unknown messageId ("ru-RU"): "hallucinations"
SERVER: 44,401s [WARN] loc: Unknown messageId ("ru-RU"): "drowsiness"
SERVER: 44,401s [WARN] loc: Unknown messageId ("ru-RU"): "hallucinations"
SERVER: 44,401s [WARN] loc: Unknown messageId ("ru-RU"): "hallucinations"
SERVER: 44,405s [WARN] loc: Unknown messageId ("ru-RU"): "drowsiness"
SERVER: 44,407s [WARN] loc: Unknown messageId ("ru-RU"): "drowsiness"
SERVER: 44,407s [WARN] loc: Unknown messageId ("ru-RU"): "drowsiness"
SERVER: 44,407s [WARN] loc: Unknown messageId ("ru-RU"): "hallucinations"
SERVER: 44,409s [WARN] loc: Unknown messageId ("ru-RU"): "forced sleep"
SERVER: 44,410s [WARN] loc: Unknown messageId ("ru-RU"): "hallucinations"
SERVER: 44,410s [WARN] loc: Unknown messageId ("ru-RU"): "reagent-effect-guidebook-addicted"
SERVER: 44,410s [WARN] loc: Unknown messageId ("ru-RU"): "reagent-effect-guidebook-addiction-suppression"
SERVER: 44,410s [WARN] loc: Unknown messageId ("ru-RU"): "оглушение"
SERVER: 44,410s [WARN] loc: Unknown messageId ("ru-RU"): "hallucinations"
SERVER: 44,411s [WARN] loc: Unknown messageId ("ru-RU"): "hallucinations"
SERVER: 44,411s [WARN] loc: Unknown messageId ("ru-RU"): "1.5x max stamina"
SERVER: 44,411s [WARN] loc: Unknown messageId ("ru-RU"): "оглушение"
SERVER: 44,411s [WARN] loc: Unknown messageId ("ru-RU"): "forced sleep"
SERVER: 44,411s [WARN] loc: Unknown messageId ("ru-RU"): "drowsiness"
SERVER: 44,412s [WARN] loc: Unknown messageId ("ru-RU"): "оглушение"
SERVER: 44,412s [WARN] loc: Unknown messageId ("ru-RU"): "drunk"
SERVER: 44,413s [WARN] loc: Unknown messageId ("ru-RU"): "hallucinations"
SERVER: 44,414s [WARN] loc: Unknown messageId ("ru-RU"): "thin blood"
SERVER: 44,414s [WARN] loc: Unknown messageId ("ru-RU"): "drowsiness"
SERVER: 44,414s [WARN] loc: Unknown messageId ("ru-RU"): "drowsiness"
SERVER: 44,415s [WARN] loc: Unknown messageId ("ru-RU"): "1.5x max stamina"
SERVER: 44,415s [WARN] loc: Unknown messageId ("ru-RU"): "forced sleep"
SERVER: 44,415s [WARN] loc: Unknown messageId ("ru-RU"): "pain numbness"
SERVER: 44,415s [WARN] loc: Unknown messageId ("ru-RU"): "hallucinations"
SERVER: 44,415s [WARN] loc: Unknown messageId ("ru-RU"): "reagent-effect-guidebook-addicted"
SERVER: 44,415s [WARN] loc: Unknown messageId ("ru-RU"): "reagent-effect-guidebook-addiction-suppression"
SERVER: 44,415s [WARN] loc: Unknown messageId ("ru-RU"): "chronic pain suppression"
SERVER: 44,416s [WARN] loc: Unknown messageId ("ru-RU"): "scrambled"
SERVER: 44,416s [WARN] loc: Unknown messageId ("ru-RU"): "woozy"
SERVER: 44,416s [WARN] loc: Unknown messageId ("ru-RU"): "chronic pain suppression"
SERVER: 44,416s [WARN] loc: Unknown messageId ("ru-RU"): "reagent-effect-guidebook-addiction-suppression"
SERVER: 44,416s [WARN] loc: Unknown messageId ("ru-RU"): "reagent-effect-guidebook-addicted"
SERVER: 44,416s [WARN] loc: Unknown messageId ("ru-RU"): "scrambled"
SERVER: 44,416s [WARN] loc: Unknown messageId ("ru-RU"): "forced sleep"
SERVER: 44,417s [WARN] loc: Unknown messageId ("ru-RU"): "drowsiness"
SERVER: 44,417s [WARN] loc: Unknown messageId ("ru-RU"): "entity-effect-status-effect-PainNumbness"
SERVER: 44,417s [WARN] loc: Unknown messageId ("ru-RU"): "chronic pain suppression"
SERVER: 44,417s [WARN] loc: Unknown messageId ("ru-RU"): "reagent-effect-guidebook-addiction-suppression"
SERVER: 44,417s [WARN] loc: Unknown messageId ("ru-RU"): "reagent-effect-guidebook-addicted"
SERVER: 44,537s [INFO] toolshed: Initialized new toolshed context in 00:00:00.0592462
SERVER: 44,539s [INFO] discord.link: No Discord token specified, not connecting.
SERVER: 44,557s [INFO] cvarcontrol: Registered 37 CVars.
SERVER: 44,558s [WARN] cfg: Unknown CVar found (typo in config?): "ui.obey_update_limits"
SERVER: 0,000s [WARN] cfg: Only clients can change the 'net.interp' cvar.
SERVER: 0,099s [INFO] serverprotection.chat_protection: Кэшировано 37 IC и 10 OOC запрещённых слов.
SERVER: 0,451s [INFO] cfg: Robust.UnitTesting.RobustIntegrationTest+IntegrationNetManager+IntegrationNetChannel: Sending server info...
CLIENT: 0,619s [INFO] clientplaytime: Current day: 15 Current Date: 2026-04-15
CLIENT: 0,620s [INFO] cfg: Sending client info...
CLIENT: 0,622s [DEBG] client: Synchronized time base: 1: 00:00:00
CLIENT: 0,625s [INFO] client: Tickrate changed to: 30 on tick 1
CLIENT: 0,625s [INFO] client: Tickrate changed to: 1 on tick 1
CLIENT: 0,627s [INFO] player: Changing local session from null to integration_1.
CLIENT: 1,191s [DEBG] admin: Have 27 commands available
CLIENT: 1,191s [INFO] admin: Updated admin status: Not admin
CLIENT: 1,201s [DEBG] client: Runlevel changed to: Connected
CLIENT: 1,990s [DEBG] admin: Have 336 commands available
CLIENT: 1,990s [INFO] admin: Updated admin status: True/Хост/ADMIN|BAN|DEBUG|FUN|PERMISSIONS|SERVER|SPAWN|VAREDIT|MAPPING|LOGS|ROUND|QUERY|ADMINHELP|VIEWNOTES|EDITNOTES|MASSBAN|STEALTH|ADMINCHAT|PII|MODERATOR|ADMINWHO|NAMECOLOR|HOST
CLIENT: 1,992s [DEBG] job_requirements: Received role ban info: 0 job ban entries and 0 antag ban entries.
CLIENT: 2,003s [INFO] state: Received Full GameState: to=2, sz=46
SERVER: 2,022s [WARN] net.ent: Got late MsgEntity! Diff: -1, msgT: 2, cT: 3, player: integration_1, msg: Content.Shared.Guidebook.RequestGuidebookDataEvent
CLIENT: 2,041s [INFO] state: Resetting all entity states to tick 2.
CLIENT: 2,047s [DEBG] client: Runlevel changed to: InGame
SERVER: 2,085s [WARN] net.ent: Got late MsgEntity! Diff: -3, msgT: 2, cT: 5, player: integration_1, msg: Content.Shared._Erida.Language.Events.RequestLanguagesMessage
CLIENT: 2,111s [INFO] entity: Flushing entities. Entity count: 0
CLIENT: 2,168s [INFO] system.mind: Wiping all minds
CLIENT: 2,287s [DEBG] client: Runlevel changed to: Initialize
GetPair: Retrieving pair 1 from pool took 46902,0944 ms
GetPair: Returning pair 1 with client/server seeds: 655837685/2124611246
SERVER: 2,384s [INFO] ticker: Added game rule  (1/n1, Secret)
SERVER: 2,384s [INFO] system.game_ticker: Текущее событие  (1/n1, Secret)
SERVER: 2,388s [INFO] system.secret_rule: Excluding Traitor from secret preset selection.
SERVER: 2,388s [INFO] system.secret_rule: Excluding Nukeops from secret preset selection.
SERVER: 2,388s [INFO] system.secret_rule: Excluding Zombie from secret preset selection.
SERVER: 2,388s [INFO] system.secret_rule: Excluding Survival from secret preset selection.
SERVER: 2,388s [INFO] system.secret_rule: Selected Greenshift as the secret preset.
SERVER: 2,389s [INFO] ticker: Added game rule  (2/n2, BasicRoundstartVariation)
SERVER: 2,389s [INFO] system.game_ticker: Текущее событие  (2/n2, BasicRoundstartVariation)
SERVER: 2,393s [INFO] ticker: Added game rule  (3/n3, SolidWallRustingVariationPass)
SERVER: 2,393s [INFO] system.game_ticker: Текущее событие  (3/n3, SolidWallRustingVariationPass)
SERVER: 2,394s [INFO] ticker: Added game rule  (4/n4, ReinforcedWallRustingVariationPass)
SERVER: 2,394s [INFO] system.game_ticker: Текущее событие  (4/n4, ReinforcedWallRustingVariationPass)
SERVER: 2,396s [INFO] ticker: Added game rule  (5/n5, SmugglerStashVariationPass)
SERVER: 2,396s [INFO] system.game_ticker: Текущее событие  (5/n5, SmugglerStashVariationPass)
SERVER: 2,398s [INFO] ticker: Added game rule  (6/n6, SolarPanelDamageVariationPass)
SERVER: 2,398s [INFO] system.game_ticker: Текущее событие  (6/n6, SolarPanelDamageVariationPass)
SERVER: 2,398s [INFO] ticker: Added game rule  (7/n7, SolarPanelEmptyVariationPass)
SERVER: 2,398s [INFO] system.game_ticker: Текущее событие  (7/n7, SolarPanelEmptyVariationPass)
SERVER: 2,398s [INFO] ticker: Added game rule  (8/n8, BasicDecalDirtVariationPass)
SERVER: 2,398s [INFO] system.game_ticker: Текущее событие  (8/n8, BasicDecalDirtVariationPass)
SERVER: 2,399s [INFO] ticker: Added game rule  (9/n9, BasicDecalDirtMonospaceVariationPass)
SERVER: 2,399s [INFO] system.game_ticker: Текущее событие  (9/n9, BasicDecalDirtMonospaceVariationPass)
SERVER: 2,400s [INFO] ticker: Started game rule  (1/n1, Secret)
SERVER: 2,401s [INFO] ticker: Started game rule  (2/n2, BasicRoundstartVariation)
SERVER: 2,401s [INFO] ticker: Started game rule  (3/n3, SolidWallRustingVariationPass)
SERVER: 2,401s [INFO] ticker: Started game rule  (4/n4, ReinforcedWallRustingVariationPass)
SERVER: 2,401s [INFO] ticker: Started game rule  (5/n5, SmugglerStashVariationPass)
SERVER: 2,402s [INFO] ticker: Started game rule  (6/n6, SolarPanelDamageVariationPass)
SERVER: 2,402s [INFO] ticker: Started game rule  (7/n7, SolarPanelEmptyVariationPass)
SERVER: 2,402s [INFO] ticker: Started game rule  (8/n8, BasicDecalDirtVariationPass)
SERVER: 2,402s [INFO] ticker: Started game rule  (9/n9, BasicDecalDirtMonospaceVariationPass)
SERVER: 2,409s [INFO] ticker: Ended game rule  (1/n1, Secret)
SERVER: 2,410s [INFO] ticker: Ended game rule  (2/n2, BasicRoundstartVariation)
SERVER: 2,410s [INFO] ticker: Ended game rule  (3/n3, SolidWallRustingVariationPass)
SERVER: 2,410s [INFO] ticker: Ended game rule  (4/n4, ReinforcedWallRustingVariationPass)
SERVER: 2,410s [INFO] ticker: Ended game rule  (5/n5, SmugglerStashVariationPass)
SERVER: 2,410s [INFO] ticker: Ended game rule  (6/n6, SolarPanelDamageVariationPass)
SERVER: 2,410s [INFO] ticker: Ended game rule  (7/n7, SolarPanelEmptyVariationPass)
SERVER: 2,410s [INFO] ticker: Ended game rule  (8/n8, BasicDecalDirtVariationPass)
SERVER: 2,410s [INFO] ticker: Ended game rule  (9/n9, BasicDecalDirtMonospaceVariationPass)
CleanReturnAsync: Return of pair 1 started
CleanReturnAsync: Test borrowed pair 1 for 86,159 ms
CleanReturnAsync: PoolManager took 12,5334 ms to put pair 1 back into the pool
]]></output>
              </test-case>
            </test-suite>
            <test-suite type="TestFixture" id="0-2238" name="StartEndGameRulesTest" fullname="Content.IntegrationTests.Tests.GameRules.StartEndGameRulesTest" classname="Content.IntegrationTests.Tests.GameRules.StartEndGameRulesTest" runstate="Runnable" testcasecount="1" result="Passed" start-time="2026-04-15T15:26:07.5699323Z" end-time="2026-04-15T15:27:02.6683432Z" duration="55.098411" total="1" passed="1" failed="0" warnings="0" inconclusive="0" skipped="0" asserts="10">
              <properties>
                <property name="TestFrameKind" value="GameTest" />
              </properties>
              <test-case id="0-2239" name="TestAllConcurrent" fullname="Content.IntegrationTests.Tests.GameRules.StartEndGameRulesTest.TestAllConcurrent" methodname="TestAllConcurrent" classname="Content.IntegrationTests.Tests.GameRules.StartEndGameRulesTest" runstate="Runnable" seed="1893341299" result="Failed" start-time="2026-04-15T15:26:07.5699669Z" end-time="2026-04-15T15:27:02.6681736Z" duration="55.098207" asserts="10">
                <failure>
                  <message><![CDATA[Multiple failures or warnings in test:
  1)   Recipe 'EridaBotanicalSeedDnaDisk' is dynamic on a lathe but cannot be unlocked by research.
Assert.That(unlockedTechs, Does.Contain(recipe))
  Expected: some item equal to EridaBotanicalSeedDnaDisk
  But was:  < FatExtractorMachineCircuitboard, FreezerElectronics, BiofabricatorMachineCircuitboard, BiomassReclaimerMachineCircuitboard, MicrowaveMachineCircuitboard, ReagentGrinderMachineCircuitboard, ElectricGrillMachineCircuitboard, APECircuitboard, AnomalyVesselCircuitboard, HonkerHarness... >

     at Content.IntegrationTests.Tests.ResearchTest.<>c__DisplayClass1_1.<AllTechPrintableTest>b__1() in D:\eridass14\space-erida-14\Content.IntegrationTests\Tests\ResearchTest.cs:line 97
   at Content.IntegrationTests.Tests.ResearchTest.<>c__DisplayClass1_0.<AllTechPrintableTest>b__0() in D:\eridass14\space-erida-14\Content.IntegrationTests\Tests\ResearchTest.cs:line 81
   at Robust.UnitTesting.RobustIntegrationTest.IntegrationGameLoop.SingleThreadRunUntilEmpty() in D:\eridass14\space-erida-14\RobustToolbox\Robust.UnitTesting\RobustIntegrationTest.cs:line 1183
   at Robust.UnitTesting.RobustIntegrationTest.IntegrationGameLoop.Run() in D:\eridass14\space-erida-14\RobustToolbox\Robust.UnitTesting\RobustIntegrationTest.cs:line 1140
   at Robust.UnitTesting.RobustIntegrationTest.ServerIntegrationInstance._serverMain() in D:\eridass14\space-erida-14\RobustToolbox\Robust.UnitTesting\RobustIntegrationTest.cs:line 690
   at System.Threading.Thread.StartHelper.Callback(Object state)

  2)   Recipe 'EridaBotanicalSeedDnaManipulatorCircuitboard' is dynamic on a lathe but cannot be unlocked by research.
Assert.That(unlockedTechs, Does.Contain(recipe))
  Expected: some item equal to EridaBotanicalSeedDnaManipulatorCircuitboard
  But was:  < FatExtractorMachineCircuitboard, FreezerElectronics, BiofabricatorMachineCircuitboard, BiomassReclaimerMachineCircuitboard, MicrowaveMachineCircuitboard, ReagentGrinderMachineCircuitboard, ElectricGrillMachineCircuitboard, APECircuitboard, AnomalyVesselCircuitboard, HonkerHarness... >

     at Content.IntegrationTests.Tests.ResearchTest.<>c__DisplayClass1_1.<AllTechPrintableTest>b__1() in D:\eridass14\space-erida-14\Content.IntegrationTests\Tests\ResearchTest.cs:line 97
   at Content.IntegrationTests.Tests.ResearchTest.<>c__DisplayClass1_0.<AllTechPrintableTest>b__0() in D:\eridass14\space-erida-14\Content.IntegrationTests\Tests\ResearchTest.cs:line 81
   at Robust.UnitTesting.RobustIntegrationTest.IntegrationGameLoop.SingleThreadRunUntilEmpty() in D:\eridass14\space-erida-14\RobustToolbox\Robust.UnitTesting\RobustIntegrationTest.cs:line 1183
   at Robust.UnitTesting.RobustIntegrationTest.IntegrationGameLoop.Run() in D:\eridass14\space-erida-14\RobustToolbox\Robust.UnitTesting\RobustIntegrationTest.cs:line 1140
   at Robust.UnitTesting.RobustIntegrationTest.ServerIntegrationInstance._serverMain() in D:\eridass14\space-erida-14\RobustToolbox\Robust.UnitTesting\RobustIntegrationTest.cs:line 690
   at System.Threading.Thread.StartHelper.Callback(Object state)

]]></message>
                </failure>
                <output><![CDATA[GetPair: Called by test GameRules.StartEndGameRulesTest.TestAllConcurrent
GetPair: Looking in pool for a suitable pair
GetPair: Creating a new pair, no suitable pair found in pool
CLIENT: 0,089s [DEBG] root: OS: Microsoft Windows 10.0.19045 X64
CLIENT: 0,090s [DEBG] root: .NET Runtime: .NET 10.0.5 win-x64
CLIENT: 0,090s [DEBG] root: Server GC: False
CLIENT: 0,090s [DEBG] root: Processor: 20x Intel(R) Core(TM) i5-14600KF
CLIENT: 0,090s [DEBG] root: Available Memory: 31,78 GiB
CLIENT: 0,090s [DEBG] root: Architecture: X64
CLIENT: 0,090s [DEBG] root: Robust Version: 275.2.0.0
CLIENT: 0,090s [DEBG] root: Compile Options: DEVELOPMENT;TOOLS;DEBUG;CLIENT_SCRIPTING
CLIENT: 0,090s [DEBG] root: Intrinsics: X86Aes;Avx;Avx2;Bmi1;Bmi2;Fma;Lzcnt;Pclmulqdq;Popcnt;Sse;Sse2;Sse3;Ssse3;Sse41;Sse42;X86Base
CLIENT: 3,274s [DEBG] res.preload: Skipping texture preloading due to CVar value.
CLIENT: 3,441s [INFO] szr: Serializer Types Hash: DF3F2D69A6C323B092F9EB73DF29AE4B83AAB89F9A13B4554391215624F4757C
CLIENT: 3,544s [WARN] proto: Registering an ignored prototype Content.Shared.Maps.GameMapPrototype
CLIENT: 16,820s [INFO] client: Tickrate changed to: 30 on tick 1
CLIENT: 16,820s [INFO] client: Tickrate changed to: 1 on tick 1
CLIENT: 16,820s [DEBG] client: Runlevel changed to: Initialize
CLIENT: 16,872s [DEBG] style: Initializing Stylesheets...
CLIENT: 16,983s [DEBG] style: Initialized 582 style rules in 00:00:00.1110085
CLIENT: 16,990s [DEBG] root: Switching to state Content.Client.MainMenu.MainScreen
CLIENT: 17,067s [DEBG] clyde: Tile atlas took 00:00:00.0760613 to build
SERVER: 17,116s [INFO] srv: Timescale changed to: 1 on tick 1
SERVER: 17,116s [INFO] srv: Name: MyServer
SERVER: 17,116s [INFO] srv: TickRate: 30(33,33ms)
SERVER: 17,116s [INFO] srv: Max players: 256
SERVER: 17,204s [INFO] szr: Serializer Types Hash: DF3F2D69A6C323B092F9EB73DF29AE4B83AAB89F9A13B4554391215624F4757C
SERVER: 17,279s [INFO] configpreset: Loaded config preset: "/ConfigPresets/Build/debug.toml"
SERVER: 19,349s [WARN] db.ef: The migration operation 'PRAGMA foreign_keys = 0;
' from migration 'AdminLogs' cannot be executed in a transaction. If the app is terminated or an unrecoverable error occurs while this operation is being executed then the migration will be left in a partially applied state and would need to be reverted manually before it can be applied again. Create a separate migration that contains just this operation.
SERVER: 19,468s [WARN] db.ef: The migration operation 'PRAGMA foreign_keys = 0;
' from migration 'Cleanup' cannot be executed in a transaction. If the app is terminated or an unrecoverable error occurs while this operation is being executed then the migration will be left in a partially applied state and would need to be reverted manually before it can be applied again. Create a separate migration that contains just this operation.
SERVER: 19,515s [WARN] db.ef: The migration operation 'PRAGMA foreign_keys = 0;
' from migration 'ServerNameFts' cannot be executed in a transaction. If the app is terminated or an unrecoverable error occurs while this operation is being executed then the migration will be left in a partially applied state and would need to be reverted manually before it can be applied again. Create a separate migration that contains just this operation.
SERVER: 19,614s [WARN] db.ef: The migration operation 'PRAGMA foreign_keys = 0;
' from migration 'MarkingsJsonb' cannot be executed in a transaction. If the app is terminated or an unrecoverable error occurs while this operation is being executed then the migration will be left in a partially applied state and would need to be reverted manually before it can be applied again. Create a separate migration that contains just this operation.
SERVER: 19,787s [WARN] db.ef: An operation of type 'UpdateDataOperation' will be attempted while a rebuild of table 'admin_notes' is pending. The database may not be in an expected state. Review the SQL generated by this migration to help diagnose any failures. Consider moving these operations to a subsequent migration.
SERVER: 19,797s [WARN] db.ef: The migration operation 'PRAGMA foreign_keys = 0;
' from migration 'AdminNotesImprovement' cannot be executed in a transaction. If the app is terminated or an unrecoverable error occurs while this operation is being executed then the migration will be left in a partially applied state and would need to be reverted manually before it can be applied again. Create a separate migration that contains just this operation.
SERVER: 19,876s [WARN] db.ef: The migration operation 'PRAGMA foreign_keys = 0;
' from migration 'AdminNotesImprovementsForeignKeys' cannot be executed in a transaction. If the app is terminated or an unrecoverable error occurs while this operation is being executed then the migration will be left in a partially applied state and would need to be reverted manually before it can be applied again. Create a separate migration that contains just this operation.
SERVER: 20,012s [WARN] db.ef: The migration operation 'PRAGMA foreign_keys = 0;
' from migration 'ConnectionLogServer' cannot be executed in a transaction. If the app is terminated or an unrecoverable error occurs while this operation is being executed then the migration will be left in a partially applied state and would need to be reverted manually before it can be applied again. Create a separate migration that contains just this operation.
SERVER: 20,049s [WARN] db.ef: The migration operation 'PRAGMA foreign_keys = 0;
' from migration 'AdminLogPk' cannot be executed in a transaction. If the app is terminated or an unrecoverable error occurs while this operation is being executed then the migration will be left in a partially applied state and would need to be reverted manually before it can be applied again. Create a separate migration that contains just this operation.
SERVER: 20,143s [WARN] db.ef: The migration operation 'PRAGMA foreign_keys = 0;
' from migration 'ClothingRemoval' cannot be executed in a transaction. If the app is terminated or an unrecoverable error occurs while this operation is being executed then the migration will be left in a partially applied state and would need to be reverted manually before it can be applied again. Create a separate migration that contains just this operation.
SERVER: 20,204s [WARN] db.ef: The migration operation 'PRAGMA foreign_keys = 0;
' from migration 'AdminMessageDismiss' cannot be executed in a transaction. If the app is terminated or an unrecoverable error occurs while this operation is being executed then the migration will be left in a partially applied state and would need to be reverted manually before it can be applied again. Create a separate migration that contains just this operation.
SERVER: 20,872s [WARN] db.ef: The migration operation 'PRAGMA foreign_keys = 0;
' from migration 'Upstream' cannot be executed in a transaction. If the app is terminated or an unrecoverable error occurs while this operation is being executed then the migration will be left in a partially applied state and would need to be reverted manually before it can be applied again. Create a separate migration that contains just this operation.
SERVER: 40,711s [WARN] loc: Unknown messageId ("ru-RU"): "2x max stamina"
SERVER: 40,711s [WARN] loc: Unknown messageId ("ru-RU"): "pain numbness"
SERVER: 40,711s [WARN] loc: Unknown messageId ("ru-RU"): "drowsiness"
SERVER: 40,712s [WARN] loc: Unknown messageId ("ru-RU"): "reagent-effect-guidebook-addiction-suppression"
SERVER: 40,712s [WARN] loc: Unknown messageId ("ru-RU"): "hallucinations"
SERVER: 40,712s [WARN] loc: Unknown messageId ("ru-RU"): "reagent-effect-guidebook-addicted"
SERVER: 40,713s [WARN] loc: Unknown messageId ("ru-RU"): "drowsiness"
SERVER: 40,716s [WARN] loc: Unknown messageId ("ru-RU"): "owoaccent"
SERVER: 40,717s [WARN] loc: Unknown messageId ("ru-RU"): "chronic pain suppression"
SERVER: 40,718s [WARN] loc: Unknown messageId ("ru-RU"): "drowsiness"
SERVER: 40,718s [WARN] loc: Unknown messageId ("ru-RU"): "drowsiness"
SERVER: 40,720s [WARN] loc: Unknown messageId ("ru-RU"): "drowsiness"
SERVER: 40,720s [WARN] loc: Unknown messageId ("ru-RU"): "barkaccent"
SERVER: 40,721s [WARN] loc: Unknown messageId ("ru-RU"): "оглушение"
SERVER: 40,722s [WARN] loc: Unknown messageId ("ru-RU"): "drowsiness"
SERVER: 40,723s [WARN] loc: Unknown messageId ("ru-RU"): "hallucinations"
SERVER: 40,723s [WARN] loc: Unknown messageId ("ru-RU"): "drowsiness"
SERVER: 40,723s [WARN] loc: Unknown messageId ("ru-RU"): "hallucinations"
SERVER: 40,723s [WARN] loc: Unknown messageId ("ru-RU"): "drowsiness"
SERVER: 40,724s [WARN] loc: Unknown messageId ("ru-RU"): "drowsiness"
SERVER: 40,727s [WARN] loc: Unknown messageId ("ru-RU"): "drowsiness"
SERVER: 40,728s [WARN] loc: Unknown messageId ("ru-RU"): "hallucinations"
SERVER: 40,729s [WARN] loc: Unknown messageId ("ru-RU"): "reagent-effect-guidebook-addicted"
SERVER: 40,729s [WARN] loc: Unknown messageId ("ru-RU"): "reagent-effect-guidebook-addiction-suppression"
SERVER: 40,729s [WARN] loc: Unknown messageId ("ru-RU"): "drowsiness"
SERVER: 40,730s [WARN] loc: Unknown messageId ("ru-RU"): "hemorrhage"
SERVER: 40,730s [WARN] loc: Unknown messageId ("ru-RU"): "forced sleep"
SERVER: 40,731s [WARN] loc: Unknown messageId ("ru-RU"): "drowsiness"
SERVER: 40,731s [WARN] loc: Unknown messageId ("ru-RU"): "hallucinations"
SERVER: 40,731s [WARN] loc: Unknown messageId ("ru-RU"): "forced sleep"
SERVER: 40,732s [WARN] loc: Unknown messageId ("ru-RU"): "drowsiness"
SERVER: 40,732s [WARN] loc: Unknown messageId ("ru-RU"): "hallucinations"
SERVER: 40,732s [WARN] loc: Unknown messageId ("ru-RU"): "drunk"
SERVER: 40,733s [WARN] loc: Unknown messageId ("ru-RU"): "hallucinations"
SERVER: 40,735s [WARN] loc: Unknown messageId ("ru-RU"): "drowsiness"
SERVER: 40,735s [WARN] loc: Unknown messageId ("ru-RU"): "hallucinations"
SERVER: 40,736s [WARN] loc: Unknown messageId ("ru-RU"): "hallucinations"
SERVER: 40,738s [WARN] loc: Unknown messageId ("ru-RU"): "drowsiness"
SERVER: 40,765s [WARN] loc: Unknown messageId ("ru-RU"): "drowsiness"
SERVER: 40,765s [WARN] loc: Unknown messageId ("ru-RU"): "drowsiness"
SERVER: 40,766s [WARN] loc: Unknown messageId ("ru-RU"): "hallucinations"
SERVER: 40,768s [WARN] loc: Unknown messageId ("ru-RU"): "forced sleep"
SERVER: 40,772s [WARN] loc: Unknown messageId ("ru-RU"): "hallucinations"
SERVER: 40,772s [WARN] loc: Unknown messageId ("ru-RU"): "reagent-effect-guidebook-addicted"
SERVER: 40,772s [WARN] loc: Unknown messageId ("ru-RU"): "reagent-effect-guidebook-addiction-suppression"
SERVER: 40,772s [WARN] loc: Unknown messageId ("ru-RU"): "оглушение"
SERVER: 40,772s [WARN] loc: Unknown messageId ("ru-RU"): "hallucinations"
SERVER: 40,773s [WARN] loc: Unknown messageId ("ru-RU"): "hallucinations"
SERVER: 40,773s [WARN] loc: Unknown messageId ("ru-RU"): "1.5x max stamina"
SERVER: 40,773s [WARN] loc: Unknown messageId ("ru-RU"): "оглушение"
SERVER: 40,773s [WARN] loc: Unknown messageId ("ru-RU"): "forced sleep"
SERVER: 40,773s [WARN] loc: Unknown messageId ("ru-RU"): "drowsiness"
SERVER: 40,774s [WARN] loc: Unknown messageId ("ru-RU"): "оглушение"
SERVER: 40,775s [WARN] loc: Unknown messageId ("ru-RU"): "drunk"
SERVER: 40,776s [WARN] loc: Unknown messageId ("ru-RU"): "hallucinations"
SERVER: 40,776s [WARN] loc: Unknown messageId ("ru-RU"): "thin blood"
SERVER: 40,777s [WARN] loc: Unknown messageId ("ru-RU"): "drowsiness"
SERVER: 40,777s [WARN] loc: Unknown messageId ("ru-RU"): "drowsiness"
SERVER: 40,778s [WARN] loc: Unknown messageId ("ru-RU"): "1.5x max stamina"
SERVER: 40,778s [WARN] loc: Unknown messageId ("ru-RU"): "forced sleep"
SERVER: 40,778s [WARN] loc: Unknown messageId ("ru-RU"): "pain numbness"
SERVER: 40,778s [WARN] loc: Unknown messageId ("ru-RU"): "hallucinations"
SERVER: 40,778s [WARN] loc: Unknown messageId ("ru-RU"): "reagent-effect-guidebook-addicted"
SERVER: 40,779s [WARN] loc: Unknown messageId ("ru-RU"): "reagent-effect-guidebook-addiction-suppression"
SERVER: 40,779s [WARN] loc: Unknown messageId ("ru-RU"): "chronic pain suppression"
SERVER: 40,779s [WARN] loc: Unknown messageId ("ru-RU"): "scrambled"
SERVER: 40,779s [WARN] loc: Unknown messageId ("ru-RU"): "woozy"
SERVER: 40,779s [WARN] loc: Unknown messageId ("ru-RU"): "chronic pain suppression"
SERVER: 40,779s [WARN] loc: Unknown messageId ("ru-RU"): "reagent-effect-guidebook-addiction-suppression"
SERVER: 40,779s [WARN] loc: Unknown messageId ("ru-RU"): "reagent-effect-guidebook-addicted"
SERVER: 40,780s [WARN] loc: Unknown messageId ("ru-RU"): "scrambled"
SERVER: 40,780s [WARN] loc: Unknown messageId ("ru-RU"): "forced sleep"
SERVER: 40,780s [WARN] loc: Unknown messageId ("ru-RU"): "drowsiness"
SERVER: 40,780s [WARN] loc: Unknown messageId ("ru-RU"): "entity-effect-status-effect-PainNumbness"
SERVER: 40,780s [WARN] loc: Unknown messageId ("ru-RU"): "chronic pain suppression"
SERVER: 40,781s [WARN] loc: Unknown messageId ("ru-RU"): "reagent-effect-guidebook-addiction-suppression"
SERVER: 40,781s [WARN] loc: Unknown messageId ("ru-RU"): "reagent-effect-guidebook-addicted"
SERVER: 41,414s [WARN] loc: Unknown messageId ("ru-RU"): "2x max stamina"
SERVER: 41,415s [WARN] loc: Unknown messageId ("ru-RU"): "pain numbness"
SERVER: 41,415s [WARN] loc: Unknown messageId ("ru-RU"): "drowsiness"
SERVER: 41,415s [WARN] loc: Unknown messageId ("ru-RU"): "reagent-effect-guidebook-addiction-suppression"
SERVER: 41,415s [WARN] loc: Unknown messageId ("ru-RU"): "hallucinations"
SERVER: 41,415s [WARN] loc: Unknown messageId ("ru-RU"): "reagent-effect-guidebook-addicted"
SERVER: 41,415s [WARN] loc: Unknown messageId ("ru-RU"): "drowsiness"
SERVER: 41,418s [WARN] loc: Unknown messageId ("ru-RU"): "owoaccent"
SERVER: 41,418s [WARN] loc: Unknown messageId ("ru-RU"): "chronic pain suppression"
SERVER: 41,419s [WARN] loc: Unknown messageId ("ru-RU"): "drowsiness"
SERVER: 41,419s [WARN] loc: Unknown messageId ("ru-RU"): "drowsiness"
SERVER: 41,422s [WARN] loc: Unknown messageId ("ru-RU"): "drowsiness"
SERVER: 41,422s [WARN] loc: Unknown messageId ("ru-RU"): "barkaccent"
SERVER: 41,423s [WARN] loc: Unknown messageId ("ru-RU"): "оглушение"
SERVER: 41,423s [WARN] loc: Unknown messageId ("ru-RU"): "drowsiness"
SERVER: 41,424s [WARN] loc: Unknown messageId ("ru-RU"): "hallucinations"
SERVER: 41,424s [WARN] loc: Unknown messageId ("ru-RU"): "drowsiness"
SERVER: 41,424s [WARN] loc: Unknown messageId ("ru-RU"): "hallucinations"
SERVER: 41,425s [WARN] loc: Unknown messageId ("ru-RU"): "drowsiness"
SERVER: 41,425s [WARN] loc: Unknown messageId ("ru-RU"): "drowsiness"
SERVER: 41,428s [WARN] loc: Unknown messageId ("ru-RU"): "drowsiness"
SERVER: 41,429s [WARN] loc: Unknown messageId ("ru-RU"): "hallucinations"
SERVER: 41,430s [WARN] loc: Unknown messageId ("ru-RU"): "reagent-effect-guidebook-addicted"
SERVER: 41,430s [WARN] loc: Unknown messageId ("ru-RU"): "reagent-effect-guidebook-addiction-suppression"
SERVER: 41,431s [WARN] loc: Unknown messageId ("ru-RU"): "drowsiness"
SERVER: 41,432s [WARN] loc: Unknown messageId ("ru-RU"): "hemorrhage"
SERVER: 41,432s [WARN] loc: Unknown messageId ("ru-RU"): "forced sleep"
SERVER: 41,432s [WARN] loc: Unknown messageId ("ru-RU"): "drowsiness"
SERVER: 41,433s [WARN] loc: Unknown messageId ("ru-RU"): "hallucinations"
SERVER: 41,433s [WARN] loc: Unknown messageId ("ru-RU"): "forced sleep"
SERVER: 41,465s [WARN] loc: Unknown messageId ("ru-RU"): "drowsiness"
SERVER: 41,465s [WARN] loc: Unknown messageId ("ru-RU"): "hallucinations"
SERVER: 41,465s [WARN] loc: Unknown messageId ("ru-RU"): "drunk"
SERVER: 41,466s [WARN] loc: Unknown messageId ("ru-RU"): "hallucinations"
SERVER: 41,468s [WARN] loc: Unknown messageId ("ru-RU"): "drowsiness"
SERVER: 41,468s [WARN] loc: Unknown messageId ("ru-RU"): "hallucinations"
SERVER: 41,468s [WARN] loc: Unknown messageId ("ru-RU"): "hallucinations"
SERVER: 41,472s [WARN] loc: Unknown messageId ("ru-RU"): "drowsiness"
SERVER: 41,474s [WARN] loc: Unknown messageId ("ru-RU"): "drowsiness"
SERVER: 41,475s [WARN] loc: Unknown messageId ("ru-RU"): "drowsiness"
SERVER: 41,475s [WARN] loc: Unknown messageId ("ru-RU"): "hallucinations"
SERVER: 41,477s [WARN] loc: Unknown messageId ("ru-RU"): "forced sleep"
SERVER: 41,479s [WARN] loc: Unknown messageId ("ru-RU"): "hallucinations"
SERVER: 41,479s [WARN] loc: Unknown messageId ("ru-RU"): "reagent-effect-guidebook-addicted"
SERVER: 41,479s [WARN] loc: Unknown messageId ("ru-RU"): "reagent-effect-guidebook-addiction-suppression"
SERVER: 41,479s [WARN] loc: Unknown messageId ("ru-RU"): "оглушение"
SERVER: 41,479s [WARN] loc: Unknown messageId ("ru-RU"): "hallucinations"
SERVER: 41,479s [WARN] loc: Unknown messageId ("ru-RU"): "hallucinations"
SERVER: 41,480s [WARN] loc: Unknown messageId ("ru-RU"): "1.5x max stamina"
SERVER: 41,480s [WARN] loc: Unknown messageId ("ru-RU"): "оглушение"
SERVER: 41,480s [WARN] loc: Unknown messageId ("ru-RU"): "forced sleep"
SERVER: 41,480s [WARN] loc: Unknown messageId ("ru-RU"): "drowsiness"
SERVER: 41,481s [WARN] loc: Unknown messageId ("ru-RU"): "оглушение"
SERVER: 41,482s [WARN] loc: Unknown messageId ("ru-RU"): "drunk"
SERVER: 41,483s [WARN] loc: Unknown messageId ("ru-RU"): "hallucinations"
SERVER: 41,483s [WARN] loc: Unknown messageId ("ru-RU"): "thin blood"
SERVER: 41,484s [WARN] loc: Unknown messageId ("ru-RU"): "drowsiness"
SERVER: 41,484s [WARN] loc: Unknown messageId ("ru-RU"): "drowsiness"
SERVER: 41,485s [WARN] loc: Unknown messageId ("ru-RU"): "1.5x max stamina"
SERVER: 41,485s [WARN] loc: Unknown messageId ("ru-RU"): "forced sleep"
SERVER: 41,485s [WARN] loc: Unknown messageId ("ru-RU"): "pain numbness"
SERVER: 41,485s [WARN] loc: Unknown messageId ("ru-RU"): "hallucinations"
SERVER: 41,485s [WARN] loc: Unknown messageId ("ru-RU"): "reagent-effect-guidebook-addicted"
SERVER: 41,485s [WARN] loc: Unknown messageId ("ru-RU"): "reagent-effect-guidebook-addiction-suppression"
SERVER: 41,485s [WARN] loc: Unknown messageId ("ru-RU"): "chronic pain suppression"
SERVER: 41,486s [WARN] loc: Unknown messageId ("ru-RU"): "scrambled"
SERVER: 41,486s [WARN] loc: Unknown messageId ("ru-RU"): "woozy"
SERVER: 41,486s [WARN] loc: Unknown messageId ("ru-RU"): "chronic pain suppression"
SERVER: 41,486s [WARN] loc: Unknown messageId ("ru-RU"): "reagent-effect-guidebook-addiction-suppression"
SERVER: 41,486s [WARN] loc: Unknown messageId ("ru-RU"): "reagent-effect-guidebook-addicted"
SERVER: 41,486s [WARN] loc: Unknown messageId ("ru-RU"): "scrambled"
SERVER: 41,486s [WARN] loc: Unknown messageId ("ru-RU"): "forced sleep"
SERVER: 41,487s [WARN] loc: Unknown messageId ("ru-RU"): "drowsiness"
SERVER: 41,488s [WARN] loc: Unknown messageId ("ru-RU"): "entity-effect-status-effect-PainNumbness"
SERVER: 41,488s [WARN] loc: Unknown messageId ("ru-RU"): "chronic pain suppression"
SERVER: 41,488s [WARN] loc: Unknown messageId ("ru-RU"): "reagent-effect-guidebook-addiction-suppression"
SERVER: 41,488s [WARN] loc: Unknown messageId ("ru-RU"): "reagent-effect-guidebook-addicted"
SERVER: 41,492s [WARN] loc: Unknown messageId ("ru-RU"): "2x max stamina"
SERVER: 41,502s [WARN] loc: Unknown messageId ("ru-RU"): "pain numbness"
SERVER: 41,502s [WARN] loc: Unknown messageId ("ru-RU"): "drowsiness"
SERVER: 41,503s [WARN] loc: Unknown messageId ("ru-RU"): "reagent-effect-guidebook-addiction-suppression"
SERVER: 41,503s [WARN] loc: Unknown messageId ("ru-RU"): "hallucinations"
SERVER: 41,503s [WARN] loc: Unknown messageId ("ru-RU"): "reagent-effect-guidebook-addicted"
SERVER: 41,504s [WARN] loc: Unknown messageId ("ru-RU"): "drowsiness"
SERVER: 41,505s [WARN] loc: Unknown messageId ("ru-RU"): "owoaccent"
SERVER: 41,506s [WARN] loc: Unknown messageId ("ru-RU"): "chronic pain suppression"
SERVER: 41,507s [WARN] loc: Unknown messageId ("ru-RU"): "drowsiness"
SERVER: 41,507s [WARN] loc: Unknown messageId ("ru-RU"): "drowsiness"
SERVER: 41,508s [WARN] loc: Unknown messageId ("ru-RU"): "drowsiness"
SERVER: 41,508s [WARN] loc: Unknown messageId ("ru-RU"): "barkaccent"
SERVER: 41,509s [WARN] loc: Unknown messageId ("ru-RU"): "оглушение"
SERVER: 41,509s [WARN] loc: Unknown messageId ("ru-RU"): "drowsiness"
SERVER: 41,510s [WARN] loc: Unknown messageId ("ru-RU"): "hallucinations"
SERVER: 41,510s [WARN] loc: Unknown messageId ("ru-RU"): "drowsiness"
SERVER: 41,510s [WARN] loc: Unknown messageId ("ru-RU"): "hallucinations"
SERVER: 41,510s [WARN] loc: Unknown messageId ("ru-RU"): "drowsiness"
SERVER: 41,510s [WARN] loc: Unknown messageId ("ru-RU"): "drowsiness"
SERVER: 41,513s [WARN] loc: Unknown messageId ("ru-RU"): "drowsiness"
SERVER: 41,513s [WARN] loc: Unknown messageId ("ru-RU"): "hallucinations"
SERVER: 41,513s [WARN] loc: Unknown messageId ("ru-RU"): "reagent-effect-guidebook-addicted"
SERVER: 41,513s [WARN] loc: Unknown messageId ("ru-RU"): "reagent-effect-guidebook-addiction-suppression"
SERVER: 41,514s [WARN] loc: Unknown messageId ("ru-RU"): "drowsiness"
SERVER: 41,515s [WARN] loc: Unknown messageId ("ru-RU"): "hemorrhage"
SERVER: 41,515s [WARN] loc: Unknown messageId ("ru-RU"): "forced sleep"
SERVER: 41,515s [WARN] loc: Unknown messageId ("ru-RU"): "drowsiness"
SERVER: 41,516s [WARN] loc: Unknown messageId ("ru-RU"): "hallucinations"
SERVER: 41,516s [WARN] loc: Unknown messageId ("ru-RU"): "forced sleep"
SERVER: 41,516s [WARN] loc: Unknown messageId ("ru-RU"): "drowsiness"
SERVER: 41,517s [WARN] loc: Unknown messageId ("ru-RU"): "hallucinations"
SERVER: 41,517s [WARN] loc: Unknown messageId ("ru-RU"): "drunk"
SERVER: 41,517s [WARN] loc: Unknown messageId ("ru-RU"): "hallucinations"
SERVER: 41,518s [WARN] loc: Unknown messageId ("ru-RU"): "drowsiness"
SERVER: 41,519s [WARN] loc: Unknown messageId ("ru-RU"): "hallucinations"
SERVER: 41,519s [WARN] loc: Unknown messageId ("ru-RU"): "hallucinations"
SERVER: 41,521s [WARN] loc: Unknown messageId ("ru-RU"): "drowsiness"
SERVER: 41,523s [WARN] loc: Unknown messageId ("ru-RU"): "drowsiness"
SERVER: 41,523s [WARN] loc: Unknown messageId ("ru-RU"): "drowsiness"
SERVER: 41,524s [WARN] loc: Unknown messageId ("ru-RU"): "hallucinations"
SERVER: 41,525s [WARN] loc: Unknown messageId ("ru-RU"): "forced sleep"
SERVER: 41,548s [WARN] loc: Unknown messageId ("ru-RU"): "hallucinations"
SERVER: 41,548s [WARN] loc: Unknown messageId ("ru-RU"): "reagent-effect-guidebook-addicted"
SERVER: 41,548s [WARN] loc: Unknown messageId ("ru-RU"): "reagent-effect-guidebook-addiction-suppression"
SERVER: 41,548s [WARN] loc: Unknown messageId ("ru-RU"): "оглушение"
SERVER: 41,548s [WARN] loc: Unknown messageId ("ru-RU"): "hallucinations"
SERVER: 41,549s [WARN] loc: Unknown messageId ("ru-RU"): "hallucinations"
SERVER: 41,550s [WARN] loc: Unknown messageId ("ru-RU"): "1.5x max stamina"
SERVER: 41,550s [WARN] loc: Unknown messageId ("ru-RU"): "оглушение"
SERVER: 41,550s [WARN] loc: Unknown messageId ("ru-RU"): "forced sleep"
SERVER: 41,550s [WARN] loc: Unknown messageId ("ru-RU"): "drowsiness"
SERVER: 41,551s [WARN] loc: Unknown messageId ("ru-RU"): "оглушение"
SERVER: 41,552s [WARN] loc: Unknown messageId ("ru-RU"): "drunk"
SERVER: 41,553s [WARN] loc: Unknown messageId ("ru-RU"): "hallucinations"
SERVER: 41,554s [WARN] loc: Unknown messageId ("ru-RU"): "thin blood"
SERVER: 41,555s [WARN] loc: Unknown messageId ("ru-RU"): "drowsiness"
SERVER: 41,555s [WARN] loc: Unknown messageId ("ru-RU"): "drowsiness"
SERVER: 41,556s [WARN] loc: Unknown messageId ("ru-RU"): "1.5x max stamina"
SERVER: 41,556s [WARN] loc: Unknown messageId ("ru-RU"): "forced sleep"
SERVER: 41,556s [WARN] loc: Unknown messageId ("ru-RU"): "pain numbness"
SERVER: 41,556s [WARN] loc: Unknown messageId ("ru-RU"): "hallucinations"
SERVER: 41,556s [WARN] loc: Unknown messageId ("ru-RU"): "reagent-effect-guidebook-addicted"
SERVER: 41,556s [WARN] loc: Unknown messageId ("ru-RU"): "reagent-effect-guidebook-addiction-suppression"
SERVER: 41,556s [WARN] loc: Unknown messageId ("ru-RU"): "chronic pain suppression"
SERVER: 41,557s [WARN] loc: Unknown messageId ("ru-RU"): "scrambled"
SERVER: 41,557s [WARN] loc: Unknown messageId ("ru-RU"): "woozy"
SERVER: 41,557s [WARN] loc: Unknown messageId ("ru-RU"): "chronic pain suppression"
SERVER: 41,557s [WARN] loc: Unknown messageId ("ru-RU"): "reagent-effect-guidebook-addiction-suppression"
SERVER: 41,557s [WARN] loc: Unknown messageId ("ru-RU"): "reagent-effect-guidebook-addicted"
SERVER: 41,557s [WARN] loc: Unknown messageId ("ru-RU"): "scrambled"
SERVER: 41,558s [WARN] loc: Unknown messageId ("ru-RU"): "forced sleep"
SERVER: 41,558s [WARN] loc: Unknown messageId ("ru-RU"): "drowsiness"
SERVER: 41,558s [WARN] loc: Unknown messageId ("ru-RU"): "entity-effect-status-effect-PainNumbness"
SERVER: 41,558s [WARN] loc: Unknown messageId ("ru-RU"): "chronic pain suppression"
SERVER: 41,558s [WARN] loc: Unknown messageId ("ru-RU"): "reagent-effect-guidebook-addiction-suppression"
SERVER: 41,558s [WARN] loc: Unknown messageId ("ru-RU"): "reagent-effect-guidebook-addicted"
SERVER: 41,563s [WARN] loc: Unknown messageId ("ru-RU"): "2x max stamina"
SERVER: 41,564s [WARN] loc: Unknown messageId ("ru-RU"): "pain numbness"
SERVER: 41,564s [WARN] loc: Unknown messageId ("ru-RU"): "drowsiness"
SERVER: 41,564s [WARN] loc: Unknown messageId ("ru-RU"): "reagent-effect-guidebook-addiction-suppression"
SERVER: 41,564s [WARN] loc: Unknown messageId ("ru-RU"): "hallucinations"
SERVER: 41,564s [WARN] loc: Unknown messageId ("ru-RU"): "reagent-effect-guidebook-addicted"
SERVER: 41,565s [WARN] loc: Unknown messageId ("ru-RU"): "drowsiness"
SERVER: 41,567s [WARN] loc: Unknown messageId ("ru-RU"): "owoaccent"
SERVER: 41,568s [WARN] loc: Unknown messageId ("ru-RU"): "chronic pain suppression"
SERVER: 41,569s [WARN] loc: Unknown messageId ("ru-RU"): "drowsiness"
SERVER: 41,570s [WARN] loc: Unknown messageId ("ru-RU"): "drowsiness"
SERVER: 41,573s [WARN] loc: Unknown messageId ("ru-RU"): "drowsiness"
SERVER: 41,573s [WARN] loc: Unknown messageId ("ru-RU"): "barkaccent"
SERVER: 41,574s [WARN] loc: Unknown messageId ("ru-RU"): "оглушение"
SERVER: 41,574s [WARN] loc: Unknown messageId ("ru-RU"): "drowsiness"
SERVER: 41,575s [WARN] loc: Unknown messageId ("ru-RU"): "hallucinations"
SERVER: 41,575s [WARN] loc: Unknown messageId ("ru-RU"): "drowsiness"
SERVER: 41,575s [WARN] loc: Unknown messageId ("ru-RU"): "hallucinations"
SERVER: 41,576s [WARN] loc: Unknown messageId ("ru-RU"): "drowsiness"
SERVER: 41,576s [WARN] loc: Unknown messageId ("ru-RU"): "drowsiness"
SERVER: 41,589s [WARN] loc: Unknown messageId ("ru-RU"): "drowsiness"
SERVER: 41,590s [WARN] loc: Unknown messageId ("ru-RU"): "hallucinations"
SERVER: 41,590s [WARN] loc: Unknown messageId ("ru-RU"): "reagent-effect-guidebook-addicted"
SERVER: 41,590s [WARN] loc: Unknown messageId ("ru-RU"): "reagent-effect-guidebook-addiction-suppression"
SERVER: 41,591s [WARN] loc: Unknown messageId ("ru-RU"): "drowsiness"
SERVER: 41,592s [WARN] loc: Unknown messageId ("ru-RU"): "hemorrhage"
[...]
Recycling: 4,244 ms: Restarting server again
SERVER: 0,006s [INFO] entity: Flushing entities. Entity count: 9
SERVER: 0,012s [INFO] ticker: Restarting round!
SERVER: 0,014s [INFO] system.mind: Wiping all minds
SERVER: 0,014s [INFO] entity: Flushing entities. Entity count: 0
Recycling: 16,5338 ms: Connecting client
Recycling: 16,5832 ms: Idling
SERVER: 0,023s [INFO] cfg: Robust.UnitTesting.RobustIntegrationTest+IntegrationNetManager+IntegrationNetChannel: Sending server info...
CLIENT: 0,026s [INFO] clientplaytime: Current day: 15 Current Date: 2026-04-15
CLIENT: 0,026s [INFO] cfg: Sending client info...
CLIENT: 0,026s [DEBG] client: Synchronized time base: 1: 00:00:00
CLIENT: 0,026s [INFO] player: Changing local session from null to integration_2.
CLIENT: 0,064s [DEBG] admin: Have 27 commands available
CLIENT: 0,064s [INFO] admin: Updated admin status: Not admin
CLIENT: 0,065s [DEBG] client: Runlevel changed to: Connected
CLIENT: 0,493s [DEBG] admin: Have 336 commands available
CLIENT: 0,493s [INFO] admin: Updated admin status: True/Хост/ADMIN|BAN|DEBUG|FUN|PERMISSIONS|SERVER|SPAWN|VAREDIT|MAPPING|LOGS|ROUND|QUERY|ADMINHELP|VIEWNOTES|EDITNOTES|MASSBAN|STEALTH|ADMINCHAT|PII|MODERATOR|ADMINWHO|NAMECOLOR|HOST
CLIENT: 0,493s [DEBG] job_requirements: Received role ban info: 0 job ban entries and 0 antag ban entries.
CLIENT: 0,495s [INFO] state: Received Full GameState: to=66, sz=46
SERVER: 0,497s [WARN] net.ent: Got late MsgEntity! Diff: -5, msgT: 62, cT: 67, player: integration_2, msg: Content.Shared.Guidebook.RequestGuidebookDataEvent
CLIENT: 0,499s [INFO] state: Resetting all entity states to tick 66.
CLIENT: 0,499s [DEBG] client: Runlevel changed to: InGame
CLIENT: 0,501s [DEBG] root: Switching to state Content.Client.Lobby.LobbyState
SERVER: 1,160s [WARN] net.ent: Got late MsgEntity! Diff: -3, msgT: 66, cT: 69, player: integration_2, msg: Content.Shared._Erida.Language.Events.RequestLanguagesMessage
SERVER: 1,160s [WARN] net.ent: Got late MsgEntity! Diff: -3, msgT: 66, cT: 69, player: integration_2, msg: Content.Shared._Erida.Language.Events.RequestLanguagesMessage
Recycling: 1179,912 ms: Done recycling
GetPair: Retrieving pair 1 from pool took 1187,0559 ms
GetPair: Returning pair 1 with client/server seeds: 793370338/961124414
SERVER: 1,224s [INFO] ticker: Starting round!
SERVER: 1,225s [INFO] ticker: Added game rule  (10/n10, TestRuleTenPlayers)
SERVER: 1,225s [INFO] system.game_ticker: Текущее событие  (10/n10, TestRuleTenPlayers)
SERVER: 1,484s [INFO] station: Set up station Empty (15).
SERVER: 1,485s [INFO] station: Adding grid 11 to station Empty (15)
SERVER: 2,412s [INFO] station: Adding grid 17 to station Empty (15)
SERVER: 3,467s [INFO] station: Adding grid 3353 to station Empty (15)
SERVER: 3,467s [INFO] ticker: Started game rule  (10/n10, TestRuleTenPlayers)
SERVER: 3,468s [INFO] ticker: Attempting to start preset 'TestPresetTenPlayers'
SERVER: 3,468s [INFO] ticker: Fallback - Failed to start preset but fallbacks are disabled. Returning to Lobby.
SERVER: 3,468s [INFO] ticker: Restarting round!
SERVER: 3,473s [INFO] system.mind: Wiping all minds
SERVER: 3,473s [INFO] entity: Flushing entities. Entity count: 3645
CLIENT: 3,983s [INFO] state: Resetting all entity states to tick 116.
CLIENT: 4,122s [INFO] CON: 
CLIENT: 4,122s [INFO] CON: > toggleready True
SERVER: 4,123s [INFO] con: integration_2:toggleready True
SERVER: 4,149s [INFO] ticker: Starting round!
SERVER: 4,149s [INFO] ticker: Added game rule  (3657/n3657, TestRule)
SERVER: 4,149s [INFO] system.game_ticker: Текущее событие  (3657/n3657, TestRule)
SERVER: 4,153s [INFO] station: Set up station Empty (3662).
SERVER: 4,153s [INFO] station: Adding grid 3658 to station Empty (3662)
SERVER: 4,665s [INFO] station: Adding grid 3664 to station Empty (3662)
SERVER: 5,475s [INFO] station: Adding grid 7010 to station Empty (3662)
SERVER: 5,476s [INFO] ticker: Started game rule  (3657/n3657, TestRule)
SERVER: 5,476s [INFO] ticker: Attempting to start preset 'TestPreset'
SERVER: 5,575s [INFO] system.mind: Session integration_2 transferred to entity 7314.
SERVER: 5,586s [INFO] system.dungeon: Generating dungeon Content.Shared.Procedural.DungeonConfigPrototype with seed 127613253 on grid (6984/n6984)
SERVER: 6,091s [INFO] system.dungeon: Generating dungeon Content.Shared.Procedural.DungeonConfigPrototype with seed 1635290662 on grid (6986/n6986)
SERVER: 6,098s [INFO] system.automatic_atmos: Giving grid Entity { Owner = 6986, Comp = Robust.Shared.Map.Components.MapGridComponent } GridAtmosphereComponent.
SERVER: 6,151s [INFO] system.dungeon: Generating dungeon Content.Shared.Procedural.DungeonConfigPrototype with seed 1981683217 on grid (6988/n6988)
SERVER: 6,153s [INFO] system.automatic_atmos: Giving grid Entity { Owner = 6988, Comp = Robust.Shared.Map.Components.MapGridComponent } GridAtmosphereComponent.
CLIENT: 7,801s [INFO] player: Attaching local player to Скарлет Мотхман (3674/n7314, MobMoth, integration_2).
CLIENT: 7,917s [DEBG] root: Switching to state Content.Client.Gameplay.GameplayState
SERVER: 8,069s [INFO] system.dungeon: Generating dungeon Content.Shared.Procedural.DungeonConfigPrototype with seed 1589027570 on grid (6990/n6990)
SERVER: 8,072s [INFO] system.automatic_atmos: Giving grid Entity { Owner = 6990, Comp = Robust.Shared.Map.Components.MapGridComponent } GridAtmosphereComponent.
SERVER: 8,120s [INFO] system.dungeon: Generating dungeon Content.Shared.Procedural.DungeonConfigPrototype with seed 1844831506 on grid (6992/n6992)
SERVER: 8,123s [INFO] system.automatic_atmos: Giving grid Entity { Owner = 6992, Comp = Robust.Shared.Map.Components.MapGridComponent } GridAtmosphereComponent.
SERVER: 8,150s [INFO] system.dungeon: Generating dungeon Content.Shared.Procedural.DungeonConfigPrototype with seed 215565787 on grid (6994/n6994)
SERVER: 8,214s [INFO] system.dungeon: Generating dungeon Content.Shared.Procedural.DungeonConfigPrototype with seed 1618755597 on grid (6996/n6996)
SERVER: 8,225s [INFO] system.automatic_atmos: Giving grid Entity { Owner = 6996, Comp = Robust.Shared.Map.Components.MapGridComponent } GridAtmosphereComponent.
SERVER: 8,267s [INFO] system.dungeon: Generating dungeon Content.Shared.Procedural.DungeonConfigPrototype with seed 881870059 on grid (6998/n6998)
SERVER: 8,286s [INFO] system.automatic_atmos: Giving grid Entity { Owner = 6998, Comp = Robust.Shared.Map.Components.MapGridComponent } GridAtmosphereComponent.
SERVER: 8,307s [INFO] system.dungeon: Generating dungeon Content.Shared.Procedural.DungeonConfigPrototype with seed 1090339793 on grid (7000/n7000)
SERVER: 8,309s [INFO] system.automatic_atmos: Giving grid Entity { Owner = 7000, Comp = Robust.Shared.Map.Components.MapGridComponent } GridAtmosphereComponent.
SERVER: 8,338s [INFO] system.dungeon: Generating dungeon Content.Shared.Procedural.DungeonConfigPrototype with seed 1106911282 on grid (7002/n7002)
SERVER: 8,341s [INFO] system.automatic_atmos: Giving grid Entity { Owner = 7002, Comp = Robust.Shared.Map.Components.MapGridComponent } GridAtmosphereComponent.
SERVER: 8,369s [INFO] system.dungeon: Generating dungeon Content.Shared.Procedural.DungeonConfigPrototype with seed 792220989 on grid (7004/n7004)
SERVER: 8,374s [INFO] system.automatic_atmos: Giving grid Entity { Owner = 7004, Comp = Robust.Shared.Map.Components.MapGridComponent } GridAtmosphereComponent.
SERVER: 8,404s [INFO] system.dungeon: Generating dungeon Content.Shared.Procedural.DungeonConfigPrototype with seed 2085424225 on grid (7006/n7006)
SERVER: 8,406s [INFO] system.automatic_atmos: Giving grid Entity { Owner = 7006, Comp = Robust.Shared.Map.Components.MapGridComponent } GridAtmosphereComponent.
SERVER: 8,422s [INFO] system.dungeon: Generating dungeon Content.Shared.Procedural.DungeonConfigPrototype with seed 106009858 on Волута-45-Q (7008/n7008)
SERVER: 8,460s [INFO] system.automatic_atmos: Giving grid Entity { Owner = 6984, Comp = Robust.Shared.Map.Components.MapGridComponent } GridAtmosphereComponent.
SERVER: 8,697s [INFO] system.automatic_atmos: Giving grid Entity { Owner = 6994, Comp = Robust.Shared.Map.Components.MapGridComponent } GridAtmosphereComponent.
CleanReturnAsync: Return of pair 1 started
SERVER: 8,805s [INFO] test: Resetting cvar ooc.enabled to True
CLIENT: 8,806s [INFO] test: Resetting cvar ooc.enabled to True
CleanReturnAsync: Test borrowed pair 1 for 7616,403 ms
CleanReturnAsync: PoolManager took 640,819 ms to put pair 1 back into the pool
]]></output>
              </test-case>
            </test-suite>
          </test-suite>
          <test-suite type="TestFixture" id="0-1690" name="ResearchTest" fullname="Content.IntegrationTests.Tests.ResearchTest" classname="Content.IntegrationTests.Tests.ResearchTest" runstate="Runnable" testcasecount="2" result="Warning" site="Child" start-time="2026-04-15T15:26:07.5699446Z" end-time="2026-04-15T15:27:29.2444578Z" duration="81.674513" total="1" passed="0" failed="0" warnings="1" inconclusive="0" skipped="0" asserts="9">
            <properties>
              <property name="TestFrameKind" value="GameTest" />
            </properties>
            <reason>
              <message><![CDATA[One or more child tests had warnings]]></message>
            </reason>
            <test-case id="0-1692" name="AllTechPrintableTest" fullname="Content.IntegrationTests.Tests.ResearchTest.AllTechPrintableTest" methodname="AllTechPrintableTest" classname="Content.IntegrationTests.Tests.ResearchTest" runstate="Runnable" seed="1810130554" result="Warning" start-time="2026-04-15T15:27:28.2592111Z" end-time="2026-04-15T15:27:29.2443642Z" duration="0.985153" asserts="9">
              <reason>
                <message><![CDATA[Test was dirty-disposed.]]></message>
              </reason>
              <output><![CDATA[GetPair: Called by test ResearchTest.AllTechPrintableTest
GetPair: Looking in pool for a suitable pair
GetPair: Suitable pair found
GetPair: Cleanup not needed, Skipping cleanup of pair
SERVER: 0,000s [WARN] cfg: Only clients can change the 'net.interp' cvar.
GetPair: Retrieving pair 2 from pool took 4,9195 ms
GetPair: Returning pair 2 with client/server seeds: 1755956653/568060883
DisposeAsync: Dirty return of pair 2 started
DisposeAsync: Test gave back pair 2 in 977,5516 ms
DisposeAsync: Disposed pair 2 in 1,2848 ms
]]></output>
              <assertions>
                <assertion result="Warning">
                  <message><![CDATA[Test was dirty-disposed.]]></message>
                  <stack-trace><![CDATA[   at Robust.UnitTesting.Pool.TestPair`2.OnDirtyDispose() in D:\eridass14\space-erida-14\RobustToolbox\Robust.UnitTesting\Pool\TestPair.Recycle.cs:line 48
   at System.Runtime.CompilerServices.AsyncMethodBuilderCore.Start[TStateMachine](TStateMachine& stateMachine)
   at Robust.UnitTesting.Pool.TestPair`2.OnDirtyDispose()
   at Robust.UnitTesting.Pool.TestPair`2.DisposeAsync() in D:\eridass14\space-erida-14\RobustToolbox\Robust.UnitTesting\Pool\TestPair.Recycle.cs:line 150
   at System.Runtime.CompilerServices.AsyncMethodBuilderCore.Start[TStateMachine](TStateMachine& stateMachine)
   at Robust.UnitTesting.Pool.TestPair`2.DisposeAsync()
   at Content.IntegrationTests.Fixtures.GameTest.DoTeardown() in D:\eridass14\space-erida-14\Content.IntegrationTests\Fixtures\GameTest.cs:line 262
   at System.Runtime.CompilerServices.AsyncMethodBuilderCore.Start[TStateMachine](TStateMachine& stateMachine)
   at Content.IntegrationTests.Fixtures.GameTest.DoTeardown()
]]></stack-trace>
                </assertion>
              </assertions>
            </test-case>
          </test-suite>
          <test-suite type="TestSuite" id="0-6999" name="PrototypeTests" fullname="Content.IntegrationTests.Tests.PrototypeTests" runstate="Runnable" testcasecount="5" result="Passed" start-time="2026-04-15T15:26:07.5698446Z" end-time="2026-04-15T15:27:32.2082085Z" duration="84.638364" total="2" passed="2" failed="0" warnings="0" inconclusive="0" skipped="0" asserts="22">
            <test-suite type="TestFixture" id="0-1819" name="PrototypeTests" fullname="Content.IntegrationTests.Tests.PrototypeTests.PrototypeTests" classname="Content.IntegrationTests.Tests.PrototypeTests.PrototypeTests" runstate="Runnable" testcasecount="4" result="Passed" start-time="2026-04-15T15:26:07.5699387Z" end-time="2026-04-15T15:27:32.2081934Z" duration="84.638255" total="2" passed="2" failed="0" warnings="0" inconclusive="0" skipped="0" asserts="22">
              <properties>
                <property name="TestFrameKind" value="GameTest" />
              </properties>
              <test-case id="0-1821" name="TestAllClientPrototypesAreSerializable" fullname="Content.IntegrationTests.Tests.PrototypeTests.PrototypeTests.TestAllClientPrototypesAreSerializable" methodname="TestAllClientPrototypesAreSerializable" classname="Content.IntegrationTests.Tests.PrototypeTests.PrototypeTests" runstate="Runnable" seed="1834643050" result="Passed" start-time="2026-04-15T15:27:02.6683589Z" end-time="2026-04-15T15:27:28.2591873Z" duration="25.590829" asserts="11">
                <output><![CDATA[GetPair: Called by test PrototypeTests.PrototypeTests.TestAllClientPrototypesAreSerializable
GetPair: Looking in pool for a suitable pair
GetPair: Suitable pair found
GetPair: Cleaning existing pair
Recycling...
Recycling: 23,8984 ms: Restarting round.
SERVER: 0,024s [INFO] ticker: Restarting round!
SERVER: 0,026s [INFO] system.mind: Wiping all minds
SERVER: 0,028s [INFO] entity: Flushing entities. Entity count: 12633
Recycling: 1301,7815 ms: Setting CVar 
SERVER: 1,302s [WARN] cfg: Only clients can change the 'net.interp' cvar.
Recycling: 1302,4426 ms: Restarting server again
SERVER: 1,302s [INFO] entity: Flushing entities. Entity count: 0
Recycling: 1303,1968 ms: Connecting client
Recycling: 1303,2427 ms: Idling
SERVER: 1,308s [INFO] cfg: Robust.UnitTesting.RobustIntegrationTest+IntegrationNetManager+IntegrationNetChannel: Sending server info...
CLIENT: 1,310s [INFO] clientplaytime: Current day: 15 Current Date: 2026-04-15
CLIENT: 1,310s [INFO] cfg: Sending client info...
CLIENT: 1,310s [DEBG] client: Synchronized time base: 1: 00:00:00
CLIENT: 1,311s [INFO] player: Changing local session from null to integration_2.
CLIENT: 1,328s [DEBG] admin: Have 27 commands available
CLIENT: 1,328s [INFO] admin: Updated admin status: Not admin
CLIENT: 1,329s [DEBG] client: Runlevel changed to: Connected
CLIENT: 1,727s [DEBG] admin: Have 336 commands available
CLIENT: 1,727s [INFO] admin: Updated admin status: True/Хост/ADMIN|BAN|DEBUG|FUN|PERMISSIONS|SERVER|SPAWN|VAREDIT|MAPPING|LOGS|ROUND|QUERY|ADMINHELP|VIEWNOTES|EDITNOTES|MASSBAN|STEALTH|ADMINCHAT|PII|MODERATOR|ADMINWHO|NAMECOLOR|HOST
CLIENT: 1,727s [DEBG] job_requirements: Received role ban info: 0 job ban entries and 0 antag ban entries.
CLIENT: 1,727s [INFO] state: Received Full GameState: to=67, sz=46
SERVER: 1,729s [WARN] net.ent: Got late MsgEntity! Diff: -5, msgT: 63, cT: 68, player: integration_2, msg: Content.Shared.Guidebook.RequestGuidebookDataEvent
CLIENT: 1,732s [INFO] state: Resetting all entity states to tick 67.
CLIENT: 1,732s [DEBG] client: Runlevel changed to: InGame
SERVER: 1,734s [WARN] net.ent: Got late MsgEntity! Diff: -3, msgT: 67, cT: 70, player: integration_2, msg: Content.Shared._Erida.Language.Events.RequestLanguagesMessage
SERVER: 1,734s [WARN] net.ent: Got late MsgEntity! Diff: -3, msgT: 67, cT: 70, player: integration_2, msg: Content.Shared._Erida.Language.Events.RequestLanguagesMessage
Recycling: 1753,1798 ms: Done recycling
GetPair: Retrieving pair 2 from pool took 1758,0478 ms
GetPair: Returning pair 2 with client/server seeds: 357521238/565648799
CleanReturnAsync: Return of pair 2 started
CleanReturnAsync: Test borrowed pair 2 for 23798,1241 ms
CleanReturnAsync: PoolManager took 33,45 ms to put pair 2 back into the pool
]]></output>
              </test-case>
              <test-case id="0-1820" name="TestAllServerPrototypesAreSerializable" fullname="Content.IntegrationTests.Tests.PrototypeTests.PrototypeTests.TestAllServerPrototypesAreSerializable" methodname="TestAllServerPrototypesAreSerializable" classname="Content.IntegrationTests.Tests.PrototypeTests.PrototypeTests" runstate="Runnable" seed="1188309287" result="Passed" start-time="2026-04-15T15:27:04.1125989Z" end-time="2026-04-15T15:27:32.2081428Z" duration="28.095544" asserts="11">
                <output><![CDATA[GetPair: Called by test PrototypeTests.PrototypeTests.TestAllServerPrototypesAreSerializable
GetPair: Looking in pool for a suitable pair
GetPair: Suitable pair found
GetPair: Cleaning existing pair
Recycling...
Recycling: 22,3665 ms: Disconnecting client.
CLIENT: 0,055s [INFO] player: Detaching local player from Скарлет Мотхман (3674/n7314, MobMoth).
CLIENT: 0,055s [INFO] player: Local player is no longer attached to any entity.
CLIENT: 0,055s [INFO] entity: Flushing entities. Entity count: 4202
CLIENT: 0,334s [INFO] system.mind: Wiping all minds
CLIENT: 0,343s [DEBG] client: Runlevel changed to: Initialize
CLIENT: 0,343s [DEBG] root: Switching to state Content.Client.MainMenu.MainScreen
Recycling: 344,4335 ms: Restarting round.
SERVER: 0,345s [INFO] ticker: Restarting round!
SERVER: 0,346s [INFO] system.mind: Wiping all minds
SERVER: 0,347s [INFO] entity: Flushing entities. Entity count: 4218
Recycling: 738,9825 ms: Setting CVar 
SERVER: 0,739s [WARN] cfg: Only clients can change the 'net.interp' cvar.
Recycling: 739,483 ms: Restarting server again
SERVER: 0,740s [INFO] entity: Flushing entities. Entity count: 0
Recycling: 740,3047 ms: Connecting client
Recycling: 740,3464 ms: Idling
SERVER: 0,745s [INFO] cfg: Robust.UnitTesting.RobustIntegrationTest+IntegrationNetManager+IntegrationNetChannel: Sending server info...
CLIENT: 0,747s [INFO] clientplaytime: Current day: 15 Current Date: 2026-04-15
CLIENT: 0,747s [INFO] cfg: Sending client info...
CLIENT: 0,748s [DEBG] client: Synchronized time base: 1: 00:00:00
CLIENT: 0,748s [INFO] player: Changing local session from null to integration_3.
CLIENT: 0,766s [DEBG] admin: Have 27 commands available
CLIENT: 0,766s [INFO] admin: Updated admin status: Not admin
CLIENT: 0,767s [DEBG] client: Runlevel changed to: Connected
CLIENT: 1,120s [DEBG] admin: Have 336 commands available
CLIENT: 1,120s [INFO] admin: Updated admin status: True/Хост/ADMIN|BAN|DEBUG|FUN|PERMISSIONS|SERVER|SPAWN|VAREDIT|MAPPING|LOGS|ROUND|QUERY|ADMINHELP|VIEWNOTES|EDITNOTES|MASSBAN|STEALTH|ADMINCHAT|PII|MODERATOR|ADMINWHO|NAMECOLOR|HOST
CLIENT: 1,120s [DEBG] job_requirements: Received role ban info: 0 job ban entries and 0 antag ban entries.
CLIENT: 1,120s [INFO] state: Received Full GameState: to=210, sz=47
SERVER: 1,122s [WARN] net.ent: Got late MsgEntity! Diff: -205, msgT: 6, cT: 211, player: integration_3, msg: Content.Shared.Guidebook.RequestGuidebookDataEvent
CLIENT: 1,125s [INFO] state: Resetting all entity states to tick 210.
CLIENT: 1,125s [DEBG] client: Runlevel changed to: InGame
SERVER: 1,128s [WARN] net.ent: Got late MsgEntity! Diff: -3, msgT: 210, cT: 213, player: integration_3, msg: Content.Shared._Erida.Language.Events.RequestLanguagesMessage
SERVER: 1,128s [WARN] net.ent: Got late MsgEntity! Diff: -3, msgT: 210, cT: 213, player: integration_3, msg: Content.Shared._Erida.Language.Events.RequestLanguagesMessage
SERVER: 1,128s [WARN] net.ent: Got late MsgEntity! Diff: -3, msgT: 210, cT: 213, player: integration_3, msg: Content.Shared._Erida.Language.Events.RequestLanguagesMessage
Recycling: 1144,8366 ms: Done recycling
GetPair: Retrieving pair 1 from pool took 1149,0999 ms
GetPair: Returning pair 1 with client/server seeds: 1770024412/1471111184
CleanReturnAsync: Return of pair 1 started
CleanReturnAsync: Test borrowed pair 1 for 26929,6817 ms
CleanReturnAsync: PoolManager took 15,6966 ms to put pair 1 back into the pool
]]></output>
              </test-case>
            </test-suite>
          </test-suite>
        </test-suite>
      </test-suite>
    </test-suite>
  </test-suite>
</test-run>